{"/home/ruben/2022_2023/GPS/back/src/app.controller.ts": {"path":"/home/ruben/2022_2023/GPS/back/src/app.controller.ts","statementMap":{"0":{"start":{"line":1,"column":0},"end":{"line":1,"column":49}},"1":{"start":{"line":2,"column":0},"end":{"line":2,"column":55}},"2":{"start":{"line":3,"column":0},"end":{"line":3,"column":43}},"3":{"start":{"line":7,"column":7},"end":{"line":14,"column":null}},"4":{"start":{"line":8,"column":31},"end":{"line":8,"column":43}},"5":{"start":{"line":12,"column":4},"end":{"line":12,"column":38}},"6":{"start":{"line":10,"column":2},"end":{"line":13,"column":null}},"7":{"start":{"line":7,"column":13},"end":{"line":14,"column":null}},"8":{"start":{"line":7,"column":13},"end":{"line":7,"column":26}}},"fnMap":{"0":{"name":"(anonymous_2)","decl":{"start":{"line":8,"column":2},"end":{"line":8,"column":31}},"loc":{"start":{"line":8,"column":53},"end":{"line":8,"column":57}}},"1":{"name":"(anonymous_3)","decl":{"start":{"line":11,"column":2},"end":{"line":11,"column":10}},"loc":{"start":{"line":11,"column":10},"end":{"line":13,"column":3}}}},"branchMap":{},"s":{"0":1,"1":1,"2":1,"3":1,"4":1,"5":1,"6":1,"7":1,"8":1},"f":{"0":1,"1":1},"b":{}}
,"/home/ruben/2022_2023/GPS/back/src/app.module.ts": {"path":"/home/ruben/2022_2023/GPS/back/src/app.module.ts","statementMap":{"0":{"start":{"line":1,"column":0},"end":{"line":1,"column":40}},"1":{"start":{"line":2,"column":0},"end":{"line":2,"column":49}},"2":{"start":{"line":3,"column":0},"end":{"line":3,"column":49}},"3":{"start":{"line":4,"column":0},"end":{"line":4,"column":43}},"4":{"start":{"line":5,"column":0},"end":{"line":5,"column":48}},"5":{"start":{"line":6,"column":0},"end":{"line":6,"column":51}},"6":{"start":{"line":7,"column":0},"end":{"line":7,"column":57}},"7":{"start":{"line":8,"column":0},"end":{"line":8,"column":60}},"8":{"start":{"line":9,"column":0},"end":{"line":9,"column":56}},"9":{"start":{"line":10,"column":0},"end":{"line":10,"column":54}},"10":{"start":{"line":11,"column":0},"end":{"line":11,"column":48}},"11":{"start":{"line":12,"column":0},"end":{"line":12,"column":63}},"12":{"start":{"line":32,"column":7},"end":{"line":32,"column":null}},"13":{"start":{"line":32,"column":13},"end":{"line":32,"column":null}},"14":{"start":{"line":32,"column":13},"end":{"line":32,"column":22}}},"fnMap":{},"branchMap":{},"s":{"0":0,"1":0,"2":0,"3":0,"4":0,"5":0,"6":0,"7":0,"8":0,"9":0,"10":0,"11":0,"12":0,"13":0,"14":0},"f":{},"b":{}}
,"/home/ruben/2022_2023/GPS/back/src/app.service.ts": {"path":"/home/ruben/2022_2023/GPS/back/src/app.service.ts","statementMap":{"0":{"start":{"line":1,"column":0},"end":{"line":1,"column":44}},"1":{"start":{"line":4,"column":7},"end":{"line":8,"column":null}},"2":{"start":{"line":6,"column":4},"end":{"line":6,"column":26}},"3":{"start":{"line":4,"column":13},"end":{"line":8,"column":null}},"4":{"start":{"line":4,"column":13},"end":{"line":4,"column":23}}},"fnMap":{"0":{"name":"(anonymous_1)","decl":{"start":{"line":5,"column":2},"end":{"line":5,"column":10}},"loc":{"start":{"line":5,"column":10},"end":{"line":7,"column":3}}}},"branchMap":{},"s":{"0":1,"1":1,"2":1,"3":1,"4":1},"f":{"0":1},"b":{}}
,"/home/ruben/2022_2023/GPS/back/src/main.ts": {"path":"/home/ruben/2022_2023/GPS/back/src/main.ts","statementMap":{"0":{"start":{"line":1,"column":0},"end":{"line":1,"column":42}},"1":{"start":{"line":2,"column":0},"end":{"line":2,"column":40}},"2":{"start":{"line":3,"column":0},"end":{"line":3,"column":42}},"3":{"start":{"line":4,"column":0},"end":{"line":4,"column":36}},"4":{"start":{"line":5,"column":0},"end":{"line":5,"column":64}},"5":{"start":{"line":7,"column":14},"end":{"line":7,"column":49}},"6":{"start":{"line":8,"column":2},"end":{"line":8,"column":19}},"7":{"start":{"line":9,"column":2},"end":{"line":15,"column":null}},"8":{"start":{"line":17,"column":2},"end":{"line":17,"column":null}},"9":{"start":{"line":18,"column":2},"end":{"line":18,"column":null}},"10":{"start":{"line":20,"column":17},"end":{"line":24,"column":12}},"11":{"start":{"line":26,"column":19},"end":{"line":26,"column":60}},"12":{"start":{"line":27,"column":2},"end":{"line":27,"column":44}},"13":{"start":{"line":28,"column":2},"end":{"line":28,"column":null}},"14":{"start":{"line":30,"column":0},"end":{"line":30,"column":null}}},"fnMap":{"0":{"name":"bootstrap","decl":{"start":{"line":6,"column":15},"end":{"line":6,"column":24}},"loc":{"start":{"line":6,"column":24},"end":{"line":29,"column":1}}}},"branchMap":{},"s":{"0":0,"1":0,"2":0,"3":0,"4":0,"5":0,"6":0,"7":0,"8":0,"9":0,"10":0,"11":0,"12":0,"13":0,"14":0},"f":{"0":0},"b":{}}
,"/home/ruben/2022_2023/GPS/back/src/auth/auth.module.ts": {"path":"/home/ruben/2022_2023/GPS/back/src/auth/auth.module.ts","statementMap":{"0":{"start":{"line":1,"column":0},"end":{"line":1,"column":39}},"1":{"start":{"line":2,"column":0},"end":{"line":2,"column":49}},"2":{"start":{"line":3,"column":0},"end":{"line":3,"column":52}},"3":{"start":{"line":4,"column":0},"end":{"line":4,"column":44}},"4":{"start":{"line":5,"column":0},"end":{"line":5,"column":48}},"5":{"start":{"line":6,"column":0},"end":{"line":6,"column":56}},"6":{"start":{"line":12,"column":7},"end":{"line":12,"column":null}},"7":{"start":{"line":12,"column":13},"end":{"line":12,"column":null}},"8":{"start":{"line":12,"column":13},"end":{"line":12,"column":23}}},"fnMap":{},"branchMap":{},"s":{"0":0,"1":0,"2":0,"3":0,"4":0,"5":0,"6":0,"7":0,"8":0},"f":{},"b":{}}
,"/home/ruben/2022_2023/GPS/back/src/auth/auth.service.ts": {"path":"/home/ruben/2022_2023/GPS/back/src/auth/auth.service.ts","statementMap":{"0":{"start":{"line":1,"column":0},"end":{"line":1,"column":68}},"1":{"start":{"line":2,"column":4},"end":{"line":2,"column":58}},"2":{"start":{"line":3,"column":4},"end":{"line":3,"column":37}},"3":{"start":{"line":6,"column":11},"end":{"line":22,"column":null}},"4":{"start":{"line":7,"column":35},"end":{"line":7,"column":49}},"5":{"start":{"line":9,"column":21},"end":{"line":9,"column":62}},"6":{"start":{"line":10,"column":30},"end":{"line":10,"column":75}},"7":{"start":{"line":11,"column":8},"end":{"line":13,"column":null}},"8":{"start":{"line":12,"column":12},"end":{"line":12,"column":72}},"9":{"start":{"line":14,"column":8},"end":{"line":19,"column":null}},"10":{"start":{"line":15,"column":10},"end":{"line":18,"column":12}},"11":{"start":{"line":20,"column":8},"end":{"line":20,"column":20}},"12":{"start":{"line":6,"column":17},"end":{"line":22,"column":null}},"13":{"start":{"line":6,"column":17},"end":{"line":6,"column":28}}},"fnMap":{"0":{"name":"(anonymous_2)","decl":{"start":{"line":7,"column":6},"end":{"line":7,"column":35}},"loc":{"start":{"line":7,"column":61},"end":{"line":7,"column":65}}},"1":{"name":"(anonymous_3)","decl":{"start":{"line":8,"column":6},"end":{"line":8,"column":11}},"loc":{"start":{"line":8,"column":59},"end":{"line":21,"column":7}}}},"branchMap":{"0":{"loc":{"start":{"line":11,"column":8},"end":{"line":13,"column":null}},"type":"if","locations":[{"start":{"line":11,"column":8},"end":{"line":13,"column":null}}]},"1":{"loc":{"start":{"line":14,"column":8},"end":{"line":19,"column":null}},"type":"if","locations":[{"start":{"line":14,"column":8},"end":{"line":19,"column":null}}]},"2":{"loc":{"start":{"line":14,"column":12},"end":{"line":14,"column":33}},"type":"binary-expr","locations":[{"start":{"line":14,"column":12},"end":{"line":14,"column":16}},{"start":{"line":14,"column":20},"end":{"line":14,"column":33}}]}},"s":{"0":1,"1":1,"2":1,"3":1,"4":1,"5":0,"6":0,"7":0,"8":0,"9":0,"10":0,"11":0,"12":1,"13":1},"f":{"0":1,"1":0},"b":{"0":[0],"1":[0],"2":[0,0]}}
,"/home/ruben/2022_2023/GPS/back/src/auth/authenticated.guard.ts": {"path":"/home/ruben/2022_2023/GPS/back/src/auth/authenticated.guard.ts","statementMap":{"0":{"start":{"line":1,"column":0},"end":{"line":1,"column":74}},"1":{"start":{"line":4,"column":7},"end":{"line":9,"column":null}},"2":{"start":{"line":6,"column":20},"end":{"line":6,"column":55}},"3":{"start":{"line":7,"column":4},"end":{"line":7,"column":null}},"4":{"start":{"line":4,"column":13},"end":{"line":9,"column":null}},"5":{"start":{"line":4,"column":13},"end":{"line":4,"column":31}}},"fnMap":{"0":{"name":"(anonymous_1)","decl":{"start":{"line":5,"column":2},"end":{"line":5,"column":7}},"loc":{"start":{"line":5,"column":45},"end":{"line":8,"column":3}}}},"branchMap":{},"s":{"0":1,"1":1,"2":0,"3":0,"4":1,"5":1},"f":{"0":0},"b":{}}
,"/home/ruben/2022_2023/GPS/back/src/auth/local.auth.guard.ts": {"path":"/home/ruben/2022_2023/GPS/back/src/auth/local.auth.guard.ts","statementMap":{"0":{"start":{"line":1,"column":0},"end":{"line":1,"column":62}},"1":{"start":{"line":2,"column":0},"end":{"line":2,"column":45}},"2":{"start":{"line":4,"column":7},"end":{"line":11,"column":null}},"3":{"start":{"line":6,"column":20},"end":{"line":6,"column":52}},"4":{"start":{"line":7,"column":20},"end":{"line":7,"column":55}},"5":{"start":{"line":8,"column":4},"end":{"line":8,"column":31}},"6":{"start":{"line":9,"column":4},"end":{"line":9,"column":18}},"7":{"start":{"line":4,"column":13},"end":{"line":11,"column":null}},"8":{"start":{"line":4,"column":13},"end":{"line":4,"column":27}}},"fnMap":{"0":{"name":"(anonymous_1)","decl":{"start":{"line":5,"column":2},"end":{"line":5,"column":7}},"loc":{"start":{"line":5,"column":45},"end":{"line":10,"column":3}}}},"branchMap":{},"s":{"0":1,"1":1,"2":1,"3":0,"4":0,"5":0,"6":0,"7":1,"8":1},"f":{"0":0},"b":{}}
,"/home/ruben/2022_2023/GPS/back/src/auth/local.strategy.ts": {"path":"/home/ruben/2022_2023/GPS/back/src/auth/local.strategy.ts","statementMap":{"0":{"start":{"line":1,"column":0},"end":{"line":1,"column":67}},"1":{"start":{"line":2,"column":0},"end":{"line":2,"column":52}},"2":{"start":{"line":3,"column":0},"end":{"line":3,"column":42}},"3":{"start":{"line":4,"column":0},"end":{"line":4,"column":45}},"4":{"start":{"line":6,"column":7},"end":{"line":18,"column":null}},"5":{"start":{"line":8,"column":4},"end":{"line":8,"column":12}},"6":{"start":{"line":7,"column":31},"end":{"line":7,"column":44}},"7":{"start":{"line":11,"column":21},"end":{"line":11,"column":43}},"8":{"start":{"line":12,"column":17},"end":{"line":12,"column":72}},"9":{"start":{"line":13,"column":4},"end":{"line":15,"column":null}},"10":{"start":{"line":14,"column":6},"end":{"line":14,"column":40}},"11":{"start":{"line":16,"column":4},"end":{"line":16,"column":16}},"12":{"start":{"line":6,"column":13},"end":{"line":18,"column":null}},"13":{"start":{"line":6,"column":13},"end":{"line":6,"column":26}}},"fnMap":{"0":{"name":"(anonymous_2)","decl":{"start":{"line":7,"column":2},"end":{"line":7,"column":31}},"loc":{"start":{"line":7,"column":55},"end":{"line":9,"column":3}}},"1":{"name":"(anonymous_3)","decl":{"start":{"line":10,"column":2},"end":{"line":10,"column":7}},"loc":{"start":{"line":10,"column":51},"end":{"line":17,"column":3}}}},"branchMap":{"0":{"loc":{"start":{"line":13,"column":4},"end":{"line":15,"column":null}},"type":"if","locations":[{"start":{"line":13,"column":4},"end":{"line":15,"column":null}}]}},"s":{"0":0,"1":0,"2":0,"3":0,"4":0,"5":0,"6":0,"7":0,"8":0,"9":0,"10":0,"11":0,"12":0,"13":0},"f":{"0":0,"1":0},"b":{"0":[0]}}
,"/home/ruben/2022_2023/GPS/back/src/auth/session.serializer.ts": {"path":"/home/ruben/2022_2023/GPS/back/src/auth/session.serializer.ts","statementMap":{"0":{"start":{"line":1,"column":0},"end":{"line":1,"column":43}},"1":{"start":{"line":2,"column":0},"end":{"line":2,"column":53}},"2":{"start":{"line":5,"column":7},"end":{"line":15,"column":null}},"3":{"start":{"line":7,"column":4},"end":{"line":7,"column":null}},"4":{"start":{"line":13,"column":4},"end":{"line":13,"column":null}},"5":{"start":{"line":5,"column":13},"end":{"line":15,"column":null}},"6":{"start":{"line":5,"column":13},"end":{"line":5,"column":30}}},"fnMap":{"0":{"name":"(anonymous_1)","decl":{"start":{"line":6,"column":2},"end":{"line":6,"column":15}},"loc":{"start":{"line":6,"column":64},"end":{"line":8,"column":3}}},"1":{"name":"(anonymous_2)","decl":{"start":{"line":9,"column":2},"end":{"line":9,"column":17}},"loc":{"start":{"line":11,"column":47},"end":{"line":14,"column":3}}}},"branchMap":{},"s":{"0":0,"1":0,"2":0,"3":0,"4":0,"5":0,"6":0},"f":{"0":0,"1":0},"b":{}}
,"/home/ruben/2022_2023/GPS/back/src/cart/cart.controller.ts": {"path":"/home/ruben/2022_2023/GPS/back/src/cart/cart.controller.ts","statementMap":{"0":{"start":{"line":1,"column":0},"end":{"line":1,"column":81}},"1":{"start":{"line":2,"column":0},"end":{"line":2,"column":79}},"2":{"start":{"line":3,"column":0},"end":{"line":3,"column":66}},"3":{"start":{"line":4,"column":0},"end":{"line":4,"column":45}},"4":{"start":{"line":8,"column":7},"end":{"line":78,"column":null}},"5":{"start":{"line":9,"column":33},"end":{"line":9,"column":47}},"6":{"start":{"line":9,"column":77},"end":{"line":9,"column":95}},"7":{"start":{"line":22,"column":8},"end":{"line":22,"column":85}},"8":{"start":{"line":35,"column":8},"end":{"line":35,"column":null}},"9":{"start":{"line":48,"column":8},"end":{"line":48,"column":null}},"10":{"start":{"line":58,"column":8},"end":{"line":58,"column":null}},"11":{"start":{"line":71,"column":26},"end":{"line":71,"column":95}},"12":{"start":{"line":72,"column":8},"end":{"line":74,"column":null}},"13":{"start":{"line":73,"column":10},"end":{"line":73,"column":75}},"14":{"start":{"line":75,"column":8},"end":{"line":75,"column":55}},"15":{"start":{"line":76,"column":8},"end":{"line":76,"column":27}},"16":{"start":{"line":21,"column":10},"end":{"line":23,"column":null}},"17":{"start":{"line":34,"column":10},"end":{"line":36,"column":null}},"18":{"start":{"line":47,"column":10},"end":{"line":49,"column":null}},"19":{"start":{"line":57,"column":10},"end":{"line":59,"column":null}},"20":{"start":{"line":70,"column":10},"end":{"line":77,"column":null}},"21":{"start":{"line":8,"column":13},"end":{"line":78,"column":null}},"22":{"start":{"line":8,"column":13},"end":{"line":8,"column":27}}},"fnMap":{"0":{"name":"(anonymous_4)","decl":{"start":{"line":9,"column":4},"end":{"line":9,"column":33}},"loc":{"start":{"line":9,"column":111},"end":{"line":9,"column":115}}},"1":{"name":"(anonymous_5)","decl":{"start":{"line":21,"column":4},"end":{"line":21,"column":9}},"loc":{"start":{"line":21,"column":45},"end":{"line":23,"column":5}}},"2":{"name":"(anonymous_6)","decl":{"start":{"line":34,"column":4},"end":{"line":34,"column":9}},"loc":{"start":{"line":34,"column":42},"end":{"line":36,"column":5}}},"3":{"name":"(anonymous_7)","decl":{"start":{"line":47,"column":4},"end":{"line":47,"column":9}},"loc":{"start":{"line":47,"column":47},"end":{"line":49,"column":5}}},"4":{"name":"(anonymous_8)","decl":{"start":{"line":57,"column":4},"end":{"line":57,"column":9}},"loc":{"start":{"line":57,"column":35},"end":{"line":59,"column":5}}},"5":{"name":"(anonymous_9)","decl":{"start":{"line":70,"column":4},"end":{"line":70,"column":9}},"loc":{"start":{"line":70,"column":45},"end":{"line":77,"column":5}}}},"branchMap":{},"s":{"0":1,"1":1,"2":1,"3":1,"4":1,"5":6,"6":6,"7":1,"8":1,"9":1,"10":1,"11":1,"12":1,"13":1,"14":1,"15":1,"16":1,"17":1,"18":1,"19":1,"20":1,"21":1,"22":1},"f":{"0":6,"1":1,"2":1,"3":1,"4":1,"5":1},"b":{}}
,"/home/ruben/2022_2023/GPS/back/src/cart/cart.model.ts": {"path":"/home/ruben/2022_2023/GPS/back/src/cart/cart.model.ts","statementMap":{"0":{"start":{"line":1,"column":0},"end":{"line":1,"column":36}},"1":{"start":{"line":3,"column":13},"end":{"line":15,"column":null}}},"fnMap":{},"branchMap":{},"s":{"0":0,"1":0},"f":{},"b":{}}
,"/home/ruben/2022_2023/GPS/back/src/cart/cart.module.ts": {"path":"/home/ruben/2022_2023/GPS/back/src/cart/cart.module.ts","statementMap":{"0":{"start":{"line":1,"column":0},"end":{"line":1,"column":40}},"1":{"start":{"line":2,"column":0},"end":{"line":2,"column":50}},"2":{"start":{"line":3,"column":0},"end":{"line":3,"column":51}},"3":{"start":{"line":4,"column":0},"end":{"line":4,"column":42}},"4":{"start":{"line":5,"column":0},"end":{"line":5,"column":45}},"5":{"start":{"line":6,"column":0},"end":{"line":6,"column":59}},"6":{"start":{"line":7,"column":0},"end":{"line":7,"column":62}},"7":{"start":{"line":8,"column":0},"end":{"line":8,"column":66}},"8":{"start":{"line":17,"column":7},"end":{"line":17,"column":null}},"9":{"start":{"line":17,"column":13},"end":{"line":17,"column":null}},"10":{"start":{"line":17,"column":13},"end":{"line":17,"column":23}}},"fnMap":{},"branchMap":{},"s":{"0":0,"1":0,"2":0,"3":0,"4":0,"5":0,"6":0,"7":0,"8":0,"9":0,"10":0},"f":{},"b":{}}
,"/home/ruben/2022_2023/GPS/back/src/cart/cart.service.ts": {"path":"/home/ruben/2022_2023/GPS/back/src/cart/cart.service.ts","statementMap":{"0":{"start":{"line":1,"column":0},"end":{"line":1,"column":44}},"1":{"start":{"line":2,"column":0},"end":{"line":2,"column":47}},"2":{"start":{"line":3,"column":0},"end":{"line":3,"column":33}},"3":{"start":{"line":8,"column":7},"end":{"line":36,"column":null}},"4":{"start":{"line":9,"column":57},"end":{"line":9,"column":71}},"5":{"start":{"line":10,"column":46},"end":{"line":10,"column":57}},"6":{"start":{"line":13,"column":20},"end":{"line":13,"column":21}},"7":{"start":{"line":14,"column":28},"end":{"line":14,"column":101}},"8":{"start":{"line":15,"column":8},"end":{"line":15,"column":29}},"9":{"start":{"line":19,"column":31},"end":{"line":22,"column":10}},"10":{"start":{"line":23,"column":8},"end":{"line":23,"column":36}},"11":{"start":{"line":24,"column":8},"end":{"line":24,"column":30}},"12":{"start":{"line":28,"column":21},"end":{"line":28,"column":71}},"13":{"start":{"line":29,"column":8},"end":{"line":29,"column":null}},"14":{"start":{"line":33,"column":21},"end":{"line":33,"column":62}},"15":{"start":{"line":34,"column":8},"end":{"line":34,"column":null}},"16":{"start":{"line":8,"column":13},"end":{"line":36,"column":null}},"17":{"start":{"line":8,"column":13},"end":{"line":8,"column":24}}},"fnMap":{"0":{"name":"(anonymous_4)","decl":{"start":{"line":9,"column":4},"end":{"line":9,"column":17}},"loc":{"start":{"line":10,"column":68},"end":{"line":10,"column":73}}},"1":{"name":"(anonymous_5)","decl":{"start":{"line":12,"column":4},"end":{"line":12,"column":9}},"loc":{"start":{"line":12,"column":38},"end":{"line":16,"column":5}}},"2":{"name":"(anonymous_6)","decl":{"start":{"line":18,"column":4},"end":{"line":18,"column":9}},"loc":{"start":{"line":18,"column":44},"end":{"line":25,"column":5}}},"3":{"name":"(anonymous_7)","decl":{"start":{"line":27,"column":4},"end":{"line":27,"column":9}},"loc":{"start":{"line":27,"column":48},"end":{"line":30,"column":5}}},"4":{"name":"(anonymous_8)","decl":{"start":{"line":32,"column":4},"end":{"line":32,"column":9}},"loc":{"start":{"line":32,"column":26},"end":{"line":35,"column":5}}}},"branchMap":{},"s":{"0":2,"1":2,"2":2,"3":2,"4":11,"5":11,"6":3,"7":3,"8":3,"9":2,"10":2,"11":2,"12":2,"13":2,"14":3,"15":3,"16":2,"17":2},"f":{"0":11,"1":3,"2":2,"3":2,"4":3},"b":{}}
,"/home/ruben/2022_2023/GPS/back/src/designs/designs.controller.ts": {"path":"/home/ruben/2022_2023/GPS/back/src/designs/designs.controller.ts","statementMap":{"0":{"start":{"line":1,"column":0},"end":{"line":1,"column":88}},"1":{"start":{"line":2,"column":0},"end":{"line":2,"column":51}},"2":{"start":{"line":3,"column":0},"end":{"line":3,"column":99}},"3":{"start":{"line":7,"column":7},"end":{"line":87,"column":null}},"4":{"start":{"line":8,"column":33},"end":{"line":8,"column":49}},"5":{"start":{"line":19,"column":8},"end":{"line":19,"column":null}},"6":{"start":{"line":39,"column":6},"end":{"line":39,"column":null}},"7":{"start":{"line":59,"column":6},"end":{"line":59,"column":null}},"8":{"start":{"line":72,"column":6},"end":{"line":72,"column":null}},"9":{"start":{"line":85,"column":8},"end":{"line":85,"column":null}},"10":{"start":{"line":18,"column":10},"end":{"line":20,"column":null}},"11":{"start":{"line":34,"column":10},"end":{"line":40,"column":null}},"12":{"start":{"line":54,"column":10},"end":{"line":60,"column":null}},"13":{"start":{"line":71,"column":10},"end":{"line":73,"column":null}},"14":{"start":{"line":84,"column":10},"end":{"line":86,"column":null}},"15":{"start":{"line":7,"column":13},"end":{"line":87,"column":null}},"16":{"start":{"line":7,"column":13},"end":{"line":7,"column":30}}},"fnMap":{"0":{"name":"(anonymous_4)","decl":{"start":{"line":8,"column":4},"end":{"line":8,"column":33}},"loc":{"start":{"line":8,"column":63},"end":{"line":8,"column":67}}},"1":{"name":"(anonymous_5)","decl":{"start":{"line":18,"column":4},"end":{"line":18,"column":9}},"loc":{"start":{"line":18,"column":35},"end":{"line":20,"column":5}}},"2":{"name":"(anonymous_6)","decl":{"start":{"line":34,"column":4},"end":{"line":34,"column":9}},"loc":{"start":{"line":37,"column":28},"end":{"line":40,"column":5}}},"3":{"name":"(anonymous_7)","decl":{"start":{"line":54,"column":4},"end":{"line":54,"column":9}},"loc":{"start":{"line":57,"column":28},"end":{"line":60,"column":5}}},"4":{"name":"(anonymous_8)","decl":{"start":{"line":71,"column":4},"end":{"line":71,"column":9}},"loc":{"start":{"line":71,"column":38},"end":{"line":73,"column":5}}},"5":{"name":"(anonymous_9)","decl":{"start":{"line":84,"column":4},"end":{"line":84,"column":9}},"loc":{"start":{"line":84,"column":40},"end":{"line":86,"column":5}}}},"branchMap":{},"s":{"0":1,"1":1,"2":1,"3":1,"4":6,"5":1,"6":1,"7":1,"8":1,"9":1,"10":1,"11":1,"12":1,"13":1,"14":1,"15":1,"16":1},"f":{"0":6,"1":1,"2":1,"3":1,"4":1,"5":1},"b":{}}
,"/home/ruben/2022_2023/GPS/back/src/designs/designs.model.ts": {"path":"/home/ruben/2022_2023/GPS/back/src/designs/designs.model.ts","statementMap":{"0":{"start":{"line":1,"column":0},"end":{"line":1,"column":36}},"1":{"start":{"line":2,"column":13},"end":{"line":20,"column":null}}},"fnMap":{},"branchMap":{},"s":{"0":1,"1":1},"f":{},"b":{}}
,"/home/ruben/2022_2023/GPS/back/src/designs/designs.module.ts": {"path":"/home/ruben/2022_2023/GPS/back/src/designs/designs.module.ts","statementMap":{"0":{"start":{"line":1,"column":0},"end":{"line":1,"column":40}},"1":{"start":{"line":2,"column":0},"end":{"line":2,"column":50}},"2":{"start":{"line":3,"column":0},"end":{"line":3,"column":51}},"3":{"start":{"line":4,"column":0},"end":{"line":4,"column":60}},"4":{"start":{"line":5,"column":0},"end":{"line":5,"column":57}},"5":{"start":{"line":6,"column":0},"end":{"line":6,"column":47}},"6":{"start":{"line":7,"column":0},"end":{"line":7,"column":51}},"7":{"start":{"line":16,"column":7},"end":{"line":16,"column":null}},"8":{"start":{"line":16,"column":13},"end":{"line":16,"column":null}},"9":{"start":{"line":16,"column":13},"end":{"line":16,"column":26}}},"fnMap":{},"branchMap":{},"s":{"0":0,"1":0,"2":0,"3":0,"4":0,"5":0,"6":0,"7":0,"8":0,"9":0},"f":{},"b":{}}
,"/home/ruben/2022_2023/GPS/back/src/designs/designs.service.ts": {"path":"/home/ruben/2022_2023/GPS/back/src/designs/designs.service.ts","statementMap":{"0":{"start":{"line":1,"column":0},"end":{"line":1,"column":44}},"1":{"start":{"line":2,"column":0},"end":{"line":2,"column":47}},"2":{"start":{"line":3,"column":0},"end":{"line":3,"column":33}},"3":{"start":{"line":9,"column":7},"end":{"line":60,"column":null}},"4":{"start":{"line":11,"column":56},"end":{"line":11,"column":69}},"5":{"start":{"line":12,"column":57},"end":{"line":12,"column":71}},"6":{"start":{"line":13,"column":53},"end":{"line":13,"column":63}},"7":{"start":{"line":16,"column":23},"end":{"line":16,"column":67}},"8":{"start":{"line":17,"column":8},"end":{"line":17,"column":null}},"9":{"start":{"line":21,"column":21},"end":{"line":21,"column":59}},"10":{"start":{"line":22,"column":6},"end":{"line":22,"column":null}},"11":{"start":{"line":26,"column":24},"end":{"line":30,"column":8}},"12":{"start":{"line":31,"column":6},"end":{"line":31,"column":null}},"13":{"start":{"line":32,"column":6},"end":{"line":32,"column":null}},"14":{"start":{"line":36,"column":21},"end":{"line":36,"column":32}},"15":{"start":{"line":37,"column":21},"end":{"line":37,"column":51}},"16":{"start":{"line":38,"column":19},"end":{"line":38,"column":73}},"17":{"start":{"line":39,"column":6},"end":{"line":39,"column":59}},"18":{"start":{"line":40,"column":6},"end":{"line":40,"column":null}},"19":{"start":{"line":44,"column":33},"end":{"line":44,"column":77}},"20":{"start":{"line":45,"column":6},"end":{"line":48,"column":null}},"21":{"start":{"line":45,"column":34},"end":{"line":45,"column":null}},"22":{"start":{"line":45,"column":30},"end":{"line":45,"column":34}},"23":{"start":{"line":46,"column":8},"end":{"line":46,"column":null}},"24":{"start":{"line":47,"column":8},"end":{"line":47,"column":null}},"25":{"start":{"line":50,"column":19},"end":{"line":50,"column":86}},"26":{"start":{"line":51,"column":6},"end":{"line":51,"column":null}},"27":{"start":{"line":55,"column":18},"end":{"line":55,"column":19}},"28":{"start":{"line":56,"column":20},"end":{"line":56,"column":125}},"29":{"start":{"line":57,"column":6},"end":{"line":57,"column":null}},"30":{"start":{"line":9,"column":13},"end":{"line":60,"column":null}},"31":{"start":{"line":9,"column":13},"end":{"line":9,"column":27}}},"fnMap":{"0":{"name":"(anonymous_11)","decl":{"start":{"line":11,"column":4},"end":{"line":11,"column":17}},"loc":{"start":{"line":13,"column":73},"end":{"line":13,"column":77}}},"1":{"name":"(anonymous_12)","decl":{"start":{"line":15,"column":4},"end":{"line":15,"column":9}},"loc":{"start":{"line":15,"column":28},"end":{"line":18,"column":5}}},"2":{"name":"(anonymous_13)","decl":{"start":{"line":20,"column":4},"end":{"line":20,"column":9}},"loc":{"start":{"line":20,"column":32},"end":{"line":23,"column":3}}},"3":{"name":"(anonymous_14)","decl":{"start":{"line":25,"column":4},"end":{"line":25,"column":9}},"loc":{"start":{"line":25,"column":65},"end":{"line":33,"column":5}}},"4":{"name":"(anonymous_15)","decl":{"start":{"line":35,"column":4},"end":{"line":35,"column":9}},"loc":{"start":{"line":35,"column":62},"end":{"line":41,"column":5}}},"5":{"name":"(anonymous_16)","decl":{"start":{"line":43,"column":4},"end":{"line":43,"column":9}},"loc":{"start":{"line":43,"column":45},"end":{"line":52,"column":5}}},"6":{"name":"(anonymous_17)","decl":{"start":{"line":54,"column":4},"end":{"line":54,"column":9}},"loc":{"start":{"line":54,"column":49},"end":{"line":58,"column":5}}}},"branchMap":{},"s":{"0":3,"1":3,"2":3,"3":3,"4":13,"5":13,"6":13,"7":2,"8":2,"9":0,"10":0,"11":2,"12":2,"13":2,"14":2,"15":2,"16":2,"17":2,"18":2,"19":2,"20":2,"21":2,"22":2,"23":2,"24":2,"25":2,"26":2,"27":2,"28":2,"29":2,"30":3,"31":3},"f":{"0":13,"1":2,"2":0,"3":2,"4":2,"5":2,"6":2},"b":{}}
,"/home/ruben/2022_2023/GPS/back/src/fill-db/fill-db.controller.ts": {"path":"/home/ruben/2022_2023/GPS/back/src/fill-db/fill-db.controller.ts","statementMap":{"0":{"start":{"line":1,"column":0},"end":{"line":1,"column":49}},"1":{"start":{"line":2,"column":0},"end":{"line":2,"column":55}},"2":{"start":{"line":3,"column":0},"end":{"line":3,"column":50}},"3":{"start":{"line":7,"column":7},"end":{"line":25,"column":null}},"4":{"start":{"line":8,"column":33},"end":{"line":8,"column":48}},"5":{"start":{"line":20,"column":8},"end":{"line":20,"column":null}},"6":{"start":{"line":21,"column":8},"end":{"line":21,"column":null}},"7":{"start":{"line":19,"column":10},"end":{"line":22,"column":null}},"8":{"start":{"line":7,"column":13},"end":{"line":25,"column":null}},"9":{"start":{"line":7,"column":13},"end":{"line":7,"column":29}}},"fnMap":{"0":{"name":"(anonymous_2)","decl":{"start":{"line":8,"column":4},"end":{"line":8,"column":33}},"loc":{"start":{"line":8,"column":61},"end":{"line":8,"column":65}}},"1":{"name":"(anonymous_3)","decl":{"start":{"line":19,"column":4},"end":{"line":19,"column":9}},"loc":{"start":{"line":19,"column":17},"end":{"line":22,"column":5}}}},"branchMap":{},"s":{"0":0,"1":0,"2":0,"3":0,"4":0,"5":0,"6":0,"7":0,"8":0,"9":0},"f":{"0":0,"1":0},"b":{}}
,"/home/ruben/2022_2023/GPS/back/src/fill-db/fill-db.module.ts": {"path":"/home/ruben/2022_2023/GPS/back/src/fill-db/fill-db.module.ts","statementMap":{"0":{"start":{"line":1,"column":0},"end":{"line":1,"column":40}},"1":{"start":{"line":2,"column":0},"end":{"line":2,"column":50}},"2":{"start":{"line":3,"column":0},"end":{"line":3,"column":57}},"3":{"start":{"line":4,"column":0},"end":{"line":4,"column":51}},"4":{"start":{"line":5,"column":0},"end":{"line":5,"column":60}},"5":{"start":{"line":6,"column":0},"end":{"line":6,"column":51}},"6":{"start":{"line":7,"column":0},"end":{"line":7,"column":56}},"7":{"start":{"line":8,"column":0},"end":{"line":8,"column":50}},"8":{"start":{"line":18,"column":7},"end":{"line":18,"column":null}},"9":{"start":{"line":18,"column":13},"end":{"line":18,"column":null}},"10":{"start":{"line":18,"column":13},"end":{"line":18,"column":25}}},"fnMap":{},"branchMap":{},"s":{"0":0,"1":0,"2":0,"3":0,"4":0,"5":0,"6":0,"7":0,"8":0,"9":0,"10":0},"f":{},"b":{}}
,"/home/ruben/2022_2023/GPS/back/src/fill-db/fill-db.service.ts": {"path":"/home/ruben/2022_2023/GPS/back/src/fill-db/fill-db.service.ts","statementMap":{"0":{"start":{"line":1,"column":0},"end":{"line":1,"column":44}},"1":{"start":{"line":2,"column":0},"end":{"line":2,"column":47}},"2":{"start":{"line":3,"column":0},"end":{"line":3,"column":33}},"3":{"start":{"line":11,"column":7},"end":{"line":39,"column":null}},"4":{"start":{"line":13,"column":57},"end":{"line":13,"column":71}},"5":{"start":{"line":14,"column":56},"end":{"line":14,"column":69}},"6":{"start":{"line":15,"column":54},"end":{"line":15,"column":65}},"7":{"start":{"line":16,"column":53},"end":{"line":16,"column":63}},"8":{"start":{"line":21,"column":8},"end":{"line":21,"column":null}},"9":{"start":{"line":23,"column":8},"end":{"line":23,"column":null}},"10":{"start":{"line":25,"column":8},"end":{"line":25,"column":null}},"11":{"start":{"line":27,"column":8},"end":{"line":27,"column":null}},"12":{"start":{"line":29,"column":8},"end":{"line":29,"column":null}},"13":{"start":{"line":31,"column":8},"end":{"line":31,"column":null}},"14":{"start":{"line":33,"column":8},"end":{"line":33,"column":null}},"15":{"start":{"line":11,"column":13},"end":{"line":39,"column":null}},"16":{"start":{"line":11,"column":13},"end":{"line":11,"column":26}},"17":{"start":{"line":42,"column":19},"end":{"line":67,"column":null}},"18":{"start":{"line":69,"column":21},"end":{"line":118,"column":null}},"19":{"start":{"line":120,"column":22},"end":{"line":265,"column":null}}},"fnMap":{"0":{"name":"(anonymous_4)","decl":{"start":{"line":13,"column":4},"end":{"line":13,"column":17}},"loc":{"start":{"line":16,"column":73},"end":{"line":16,"column":77}}},"1":{"name":"(anonymous_5)","decl":{"start":{"line":19,"column":4},"end":{"line":19,"column":9}},"loc":{"start":{"line":19,"column":17},"end":{"line":34,"column":5}}},"2":{"name":"(anonymous_6)","decl":{"start":{"line":36,"column":4},"end":{"line":36,"column":9}},"loc":{"start":{"line":36,"column":20},"end":{"line":38,"column":5}}}},"branchMap":{},"s":{"0":0,"1":0,"2":0,"3":0,"4":0,"5":0,"6":0,"7":0,"8":0,"9":0,"10":0,"11":0,"12":0,"13":0,"14":0,"15":0,"16":0,"17":0,"18":0,"19":0},"f":{"0":0,"1":0,"2":0},"b":{}}
,"/home/ruben/2022_2023/GPS/back/src/perfil/perfil.controller.ts": {"path":"/home/ruben/2022_2023/GPS/back/src/perfil/perfil.controller.ts","statementMap":{"0":{"start":{"line":1,"column":0},"end":{"line":1,"column":70}},"1":{"start":{"line":2,"column":0},"end":{"line":2,"column":79}},"2":{"start":{"line":3,"column":0},"end":{"line":3,"column":63}},"3":{"start":{"line":7,"column":7},"end":{"line":74,"column":null}},"4":{"start":{"line":8,"column":33},"end":{"line":8,"column":50}},"5":{"start":{"line":21,"column":8},"end":{"line":21,"column":null}},"6":{"start":{"line":34,"column":8},"end":{"line":34,"column":null}},"7":{"start":{"line":46,"column":8},"end":{"line":46,"column":null}},"8":{"start":{"line":59,"column":8},"end":{"line":59,"column":null}},"9":{"start":{"line":72,"column":8},"end":{"line":72,"column":null}},"10":{"start":{"line":20,"column":10},"end":{"line":22,"column":null}},"11":{"start":{"line":33,"column":10},"end":{"line":35,"column":null}},"12":{"start":{"line":45,"column":10},"end":{"line":47,"column":null}},"13":{"start":{"line":58,"column":10},"end":{"line":60,"column":null}},"14":{"start":{"line":71,"column":10},"end":{"line":73,"column":null}},"15":{"start":{"line":7,"column":13},"end":{"line":74,"column":null}},"16":{"start":{"line":7,"column":13},"end":{"line":7,"column":29}}},"fnMap":{"0":{"name":"(anonymous_4)","decl":{"start":{"line":8,"column":4},"end":{"line":8,"column":33}},"loc":{"start":{"line":8,"column":65},"end":{"line":8,"column":69}}},"1":{"name":"(anonymous_5)","decl":{"start":{"line":20,"column":4},"end":{"line":20,"column":9}},"loc":{"start":{"line":20,"column":41},"end":{"line":22,"column":5}}},"2":{"name":"(anonymous_6)","decl":{"start":{"line":33,"column":4},"end":{"line":33,"column":9}},"loc":{"start":{"line":33,"column":44},"end":{"line":35,"column":5}}},"3":{"name":"(anonymous_7)","decl":{"start":{"line":45,"column":4},"end":{"line":45,"column":9}},"loc":{"start":{"line":45,"column":45},"end":{"line":47,"column":5}}},"4":{"name":"(anonymous_8)","decl":{"start":{"line":58,"column":4},"end":{"line":58,"column":9}},"loc":{"start":{"line":58,"column":44},"end":{"line":60,"column":5}}},"5":{"name":"(anonymous_9)","decl":{"start":{"line":71,"column":4},"end":{"line":71,"column":9}},"loc":{"start":{"line":71,"column":46},"end":{"line":73,"column":5}}}},"branchMap":{},"s":{"0":1,"1":1,"2":1,"3":1,"4":1,"5":0,"6":0,"7":0,"8":0,"9":0,"10":1,"11":1,"12":1,"13":1,"14":1,"15":1,"16":1},"f":{"0":1,"1":0,"2":0,"3":0,"4":0,"5":0},"b":{}}
,"/home/ruben/2022_2023/GPS/back/src/perfil/perfil.module.ts": {"path":"/home/ruben/2022_2023/GPS/back/src/perfil/perfil.module.ts","statementMap":{"0":{"start":{"line":1,"column":0},"end":{"line":1,"column":40}},"1":{"start":{"line":2,"column":0},"end":{"line":2,"column":50}},"2":{"start":{"line":3,"column":0},"end":{"line":3,"column":57}},"3":{"start":{"line":4,"column":0},"end":{"line":4,"column":61}},"4":{"start":{"line":5,"column":0},"end":{"line":5,"column":51}},"5":{"start":{"line":6,"column":0},"end":{"line":6,"column":60}},"6":{"start":{"line":7,"column":0},"end":{"line":7,"column":64}},"7":{"start":{"line":8,"column":0},"end":{"line":8,"column":55}},"8":{"start":{"line":18,"column":7},"end":{"line":18,"column":null}},"9":{"start":{"line":18,"column":13},"end":{"line":18,"column":null}},"10":{"start":{"line":18,"column":13},"end":{"line":18,"column":25}}},"fnMap":{},"branchMap":{},"s":{"0":0,"1":0,"2":0,"3":0,"4":0,"5":0,"6":0,"7":0,"8":0,"9":0,"10":0},"f":{},"b":{}}
,"/home/ruben/2022_2023/GPS/back/src/products/fav.model.ts": {"path":"/home/ruben/2022_2023/GPS/back/src/products/fav.model.ts","statementMap":{"0":{"start":{"line":1,"column":0},"end":{"line":1,"column":36}},"1":{"start":{"line":3,"column":13},"end":{"line":15,"column":null}}},"fnMap":{},"branchMap":{},"s":{"0":1,"1":1},"f":{},"b":{}}
,"/home/ruben/2022_2023/GPS/back/src/products/products.controller.spec.ts": {"path":"/home/ruben/2022_2023/GPS/back/src/products/products.controller.spec.ts","statementMap":{"0":{"start":{"line":1,"column":0},"end":{"line":1,"column":49}},"1":{"start":{"line":2,"column":0},"end":{"line":2,"column":54}},"2":{"start":{"line":4,"column":0},"end":{"line":4,"column":59}},"3":{"start":{"line":6,"column":0},"end":{"line":6,"column":53}},"4":{"start":{"line":8,"column":16},"end":{"line":16,"column":null}},"5":{"start":{"line":19,"column":23},"end":{"line":19,"column":30}},"6":{"start":{"line":20,"column":2},"end":{"line":20,"column":48}},"7":{"start":{"line":21,"column":9},"end":{"line":21,"column":56}},"8":{"start":{"line":22,"column":9},"end":{"line":22,"column":55}},"9":{"start":{"line":23,"column":9},"end":{"line":23,"column":65}},"10":{"start":{"line":24,"column":9},"end":{"line":24,"column":87}},"11":{"start":{"line":28,"column":23},"end":{"line":28,"column":30}},"12":{"start":{"line":29,"column":2},"end":{"line":29,"column":48}},"13":{"start":{"line":30,"column":9},"end":{"line":30,"column":56}},"14":{"start":{"line":31,"column":9},"end":{"line":31,"column":55}},"15":{"start":{"line":32,"column":9},"end":{"line":32,"column":65}},"16":{"start":{"line":39,"column":0},"end":{"line":179,"column":3}},"17":{"start":{"line":42,"column":2},"end":{"line":63,"column":5}},"18":{"start":{"line":43,"column":34},"end":{"line":60,"column":16}},"19":{"start":{"line":62,"column":4},"end":{"line":62,"column":68}},"20":{"start":{"line":65,"column":2},"end":{"line":67,"column":5}},"21":{"start":{"line":66,"column":4},"end":{"line":66,"column":37}},"22":{"start":{"line":69,"column":2},"end":{"line":83,"column":5}},"23":{"start":{"line":70,"column":4},"end":{"line":82,"column":7}},"24":{"start":{"line":71,"column":6},"end":{"line":79,"column":10}},"25":{"start":{"line":71,"column":66},"end":{"line":79,"column":8}},"26":{"start":{"line":72,"column":54},"end":{"line":78,"column":10}},"27":{"start":{"line":73,"column":56},"end":{"line":77,"column":12}},"28":{"start":{"line":74,"column":59},"end":{"line":76,"column":14}},"29":{"start":{"line":80,"column":21},"end":{"line":80,"column":83}},"30":{"start":{"line":81,"column":6},"end":{"line":81,"column":48}},"31":{"start":{"line":85,"column":2},"end":{"line":99,"column":5}},"32":{"start":{"line":86,"column":4},"end":{"line":98,"column":7}},"33":{"start":{"line":87,"column":6},"end":{"line":95,"column":10}},"34":{"start":{"line":87,"column":66},"end":{"line":95,"column":8}},"35":{"start":{"line":88,"column":54},"end":{"line":94,"column":10}},"36":{"start":{"line":89,"column":56},"end":{"line":93,"column":12}},"37":{"start":{"line":90,"column":59},"end":{"line":92,"column":14}},"38":{"start":{"line":96,"column":21},"end":{"line":96,"column":63}},"39":{"start":{"line":97,"column":6},"end":{"line":97,"column":48}},"40":{"start":{"line":101,"column":2},"end":{"line":111,"column":5}},"41":{"start":{"line":102,"column":4},"end":{"line":110,"column":7}},"42":{"start":{"line":103,"column":6},"end":{"line":107,"column":10}},"43":{"start":{"line":103,"column":62},"end":{"line":107,"column":8}},"44":{"start":{"line":104,"column":54},"end":{"line":106,"column":10}},"45":{"start":{"line":108,"column":21},"end":{"line":108,"column":80}},"46":{"start":{"line":109,"column":6},"end":{"line":109,"column":48}},"47":{"start":{"line":113,"column":2},"end":{"line":123,"column":5}},"48":{"start":{"line":114,"column":4},"end":{"line":122,"column":7}},"49":{"start":{"line":115,"column":6},"end":{"line":119,"column":10}},"50":{"start":{"line":115,"column":62},"end":{"line":119,"column":8}},"51":{"start":{"line":116,"column":54},"end":{"line":118,"column":10}},"52":{"start":{"line":120,"column":21},"end":{"line":120,"column":69}},"53":{"start":{"line":121,"column":6},"end":{"line":121,"column":48}},"54":{"start":{"line":125,"column":2},"end":{"line":130,"column":5}},"55":{"start":{"line":126,"column":4},"end":{"line":129,"column":7}},"56":{"start":{"line":127,"column":21},"end":{"line":127,"column":94}},"57":{"start":{"line":128,"column":6},"end":{"line":128,"column":48}},"58":{"start":{"line":132,"column":2},"end":{"line":146,"column":5}},"59":{"start":{"line":133,"column":4},"end":{"line":145,"column":7}},"60":{"start":{"line":134,"column":6},"end":{"line":142,"column":10}},"61":{"start":{"line":134,"column":66},"end":{"line":142,"column":8}},"62":{"start":{"line":135,"column":54},"end":{"line":141,"column":10}},"63":{"start":{"line":136,"column":56},"end":{"line":140,"column":12}},"64":{"start":{"line":137,"column":59},"end":{"line":139,"column":14}},"65":{"start":{"line":143,"column":21},"end":{"line":143,"column":85}},"66":{"start":{"line":144,"column":6},"end":{"line":144,"column":48}},"67":{"start":{"line":148,"column":2},"end":{"line":158,"column":5}},"68":{"start":{"line":149,"column":4},"end":{"line":157,"column":7}},"69":{"start":{"line":150,"column":6},"end":{"line":154,"column":10}},"70":{"start":{"line":150,"column":62},"end":{"line":154,"column":8}},"71":{"start":{"line":151,"column":54},"end":{"line":153,"column":10}},"72":{"start":{"line":155,"column":21},"end":{"line":155,"column":103}},"73":{"start":{"line":156,"column":6},"end":{"line":156,"column":48}},"74":{"start":{"line":160,"column":2},"end":{"line":168,"column":5}},"75":{"start":{"line":161,"column":4},"end":{"line":167,"column":7}},"76":{"start":{"line":162,"column":6},"end":{"line":164,"column":10}},"77":{"start":{"line":162,"column":65},"end":{"line":164,"column":8}},"78":{"start":{"line":165,"column":21},"end":{"line":165,"column":69}},"79":{"start":{"line":166,"column":6},"end":{"line":166,"column":46}},"80":{"start":{"line":170,"column":2},"end":{"line":178,"column":5}},"81":{"start":{"line":171,"column":4},"end":{"line":177,"column":7}},"82":{"start":{"line":172,"column":6},"end":{"line":174,"column":10}},"83":{"start":{"line":172,"column":62},"end":{"line":174,"column":8}},"84":{"start":{"line":175,"column":21},"end":{"line":175,"column":77}},"85":{"start":{"line":176,"column":6},"end":{"line":176,"column":48}}},"fnMap":{"0":{"name":"(anonymous_0)","decl":{"start":{"line":19,"column":2},"end":{"line":19,"column":23}},"loc":{"start":{"line":19,"column":27},"end":{"line":19,"column":31}}},"1":{"name":"(anonymous_1)","decl":{"start":{"line":28,"column":2},"end":{"line":28,"column":23}},"loc":{"start":{"line":28,"column":27},"end":{"line":28,"column":31}}},"2":{"name":"(anonymous_2)","decl":{"start":{"line":39,"column":31},"end":{"line":39,"column":34}},"loc":{"start":{"line":39,"column":36},"end":{"line":179,"column":1}}},"3":{"name":"(anonymous_3)","decl":{"start":{"line":42,"column":13},"end":{"line":42,"column":18}},"loc":{"start":{"line":42,"column":24},"end":{"line":63,"column":3}}},"4":{"name":"(anonymous_4)","decl":{"start":{"line":65,"column":26},"end":{"line":65,"column":29}},"loc":{"start":{"line":65,"column":31},"end":{"line":67,"column":3}}},"5":{"name":"(anonymous_5)","decl":{"start":{"line":69,"column":37},"end":{"line":69,"column":40}},"loc":{"start":{"line":69,"column":42},"end":{"line":83,"column":3}}},"6":{"name":"(anonymous_6)","decl":{"start":{"line":70,"column":39},"end":{"line":70,"column":44}},"loc":{"start":{"line":70,"column":49},"end":{"line":82,"column":5}}},"7":{"name":"(anonymous_7)","decl":{"start":{"line":71,"column":59},"end":{"line":71,"column":62}},"loc":{"start":{"line":71,"column":66},"end":{"line":79,"column":8}}},"8":{"name":"(anonymous_8)","decl":{"start":{"line":72,"column":47},"end":{"line":72,"column":50}},"loc":{"start":{"line":72,"column":54},"end":{"line":78,"column":10}}},"9":{"name":"(anonymous_9)","decl":{"start":{"line":73,"column":49},"end":{"line":73,"column":52}},"loc":{"start":{"line":73,"column":56},"end":{"line":77,"column":12}}},"10":{"name":"(anonymous_10)","decl":{"start":{"line":74,"column":52},"end":{"line":74,"column":55}},"loc":{"start":{"line":74,"column":59},"end":{"line":76,"column":14}}},"11":{"name":"(anonymous_11)","decl":{"start":{"line":85,"column":36},"end":{"line":85,"column":39}},"loc":{"start":{"line":85,"column":41},"end":{"line":99,"column":3}}},"12":{"name":"(anonymous_12)","decl":{"start":{"line":86,"column":38},"end":{"line":86,"column":43}},"loc":{"start":{"line":86,"column":48},"end":{"line":98,"column":5}}},"13":{"name":"(anonymous_13)","decl":{"start":{"line":87,"column":59},"end":{"line":87,"column":62}},"loc":{"start":{"line":87,"column":66},"end":{"line":95,"column":8}}},"14":{"name":"(anonymous_14)","decl":{"start":{"line":88,"column":47},"end":{"line":88,"column":50}},"loc":{"start":{"line":88,"column":54},"end":{"line":94,"column":10}}},"15":{"name":"(anonymous_15)","decl":{"start":{"line":89,"column":49},"end":{"line":89,"column":52}},"loc":{"start":{"line":89,"column":56},"end":{"line":93,"column":12}}},"16":{"name":"(anonymous_16)","decl":{"start":{"line":90,"column":52},"end":{"line":90,"column":55}},"loc":{"start":{"line":90,"column":59},"end":{"line":92,"column":14}}},"17":{"name":"(anonymous_17)","decl":{"start":{"line":101,"column":35},"end":{"line":101,"column":38}},"loc":{"start":{"line":101,"column":40},"end":{"line":111,"column":3}}},"18":{"name":"(anonymous_18)","decl":{"start":{"line":102,"column":56},"end":{"line":102,"column":61}},"loc":{"start":{"line":102,"column":66},"end":{"line":110,"column":5}}},"19":{"name":"(anonymous_19)","decl":{"start":{"line":103,"column":55},"end":{"line":103,"column":58}},"loc":{"start":{"line":103,"column":62},"end":{"line":107,"column":8}}},"20":{"name":"(anonymous_20)","decl":{"start":{"line":104,"column":47},"end":{"line":104,"column":50}},"loc":{"start":{"line":104,"column":54},"end":{"line":106,"column":10}}},"21":{"name":"(anonymous_21)","decl":{"start":{"line":113,"column":31},"end":{"line":113,"column":34}},"loc":{"start":{"line":113,"column":36},"end":{"line":123,"column":3}}},"22":{"name":"(anonymous_22)","decl":{"start":{"line":114,"column":55},"end":{"line":114,"column":60}},"loc":{"start":{"line":114,"column":65},"end":{"line":122,"column":5}}},"23":{"name":"(anonymous_23)","decl":{"start":{"line":115,"column":55},"end":{"line":115,"column":58}},"loc":{"start":{"line":115,"column":62},"end":{"line":119,"column":8}}},"24":{"name":"(anonymous_24)","decl":{"start":{"line":116,"column":47},"end":{"line":116,"column":50}},"loc":{"start":{"line":116,"column":54},"end":{"line":118,"column":10}}},"25":{"name":"(anonymous_25)","decl":{"start":{"line":125,"column":41},"end":{"line":125,"column":44}},"loc":{"start":{"line":125,"column":46},"end":{"line":130,"column":3}}},"26":{"name":"(anonymous_26)","decl":{"start":{"line":126,"column":65},"end":{"line":126,"column":70}},"loc":{"start":{"line":126,"column":75},"end":{"line":129,"column":5}}},"27":{"name":"(anonymous_27)","decl":{"start":{"line":132,"column":39},"end":{"line":132,"column":42}},"loc":{"start":{"line":132,"column":44},"end":{"line":146,"column":3}}},"28":{"name":"(anonymous_28)","decl":{"start":{"line":133,"column":41},"end":{"line":133,"column":46}},"loc":{"start":{"line":133,"column":51},"end":{"line":145,"column":5}}},"29":{"name":"(anonymous_29)","decl":{"start":{"line":134,"column":59},"end":{"line":134,"column":62}},"loc":{"start":{"line":134,"column":66},"end":{"line":142,"column":8}}},"30":{"name":"(anonymous_30)","decl":{"start":{"line":135,"column":47},"end":{"line":135,"column":50}},"loc":{"start":{"line":135,"column":54},"end":{"line":141,"column":10}}},"31":{"name":"(anonymous_31)","decl":{"start":{"line":136,"column":49},"end":{"line":136,"column":52}},"loc":{"start":{"line":136,"column":56},"end":{"line":140,"column":12}}},"32":{"name":"(anonymous_32)","decl":{"start":{"line":137,"column":52},"end":{"line":137,"column":55}},"loc":{"start":{"line":137,"column":59},"end":{"line":139,"column":14}}},"33":{"name":"(anonymous_33)","decl":{"start":{"line":148,"column":43},"end":{"line":148,"column":46}},"loc":{"start":{"line":148,"column":48},"end":{"line":158,"column":3}}},"34":{"name":"(anonymous_34)","decl":{"start":{"line":149,"column":51},"end":{"line":149,"column":56}},"loc":{"start":{"line":149,"column":61},"end":{"line":157,"column":5}}},"35":{"name":"(anonymous_35)","decl":{"start":{"line":150,"column":55},"end":{"line":150,"column":58}},"loc":{"start":{"line":150,"column":62},"end":{"line":154,"column":8}}},"36":{"name":"(anonymous_36)","decl":{"start":{"line":151,"column":47},"end":{"line":151,"column":50}},"loc":{"start":{"line":151,"column":54},"end":{"line":153,"column":10}}},"37":{"name":"(anonymous_37)","decl":{"start":{"line":160,"column":28},"end":{"line":160,"column":31}},"loc":{"start":{"line":160,"column":33},"end":{"line":168,"column":3}}},"38":{"name":"(anonymous_38)","decl":{"start":{"line":161,"column":42},"end":{"line":161,"column":47}},"loc":{"start":{"line":161,"column":52},"end":{"line":167,"column":5}}},"39":{"name":"(anonymous_39)","decl":{"start":{"line":162,"column":58},"end":{"line":162,"column":61}},"loc":{"start":{"line":162,"column":65},"end":{"line":164,"column":8}}},"40":{"name":"(anonymous_40)","decl":{"start":{"line":170,"column":35},"end":{"line":170,"column":38}},"loc":{"start":{"line":170,"column":40},"end":{"line":178,"column":3}}},"41":{"name":"(anonymous_41)","decl":{"start":{"line":171,"column":51},"end":{"line":171,"column":56}},"loc":{"start":{"line":171,"column":61},"end":{"line":177,"column":5}}},"42":{"name":"(anonymous_42)","decl":{"start":{"line":172,"column":55},"end":{"line":172,"column":58}},"loc":{"start":{"line":172,"column":62},"end":{"line":174,"column":8}}}},"branchMap":{},"s":{"0":0,"1":0,"2":0,"3":0,"4":0,"5":0,"6":0,"7":0,"8":0,"9":0,"10":0,"11":0,"12":0,"13":0,"14":0,"15":0,"16":0,"17":0,"18":0,"19":0,"20":0,"21":0,"22":0,"23":0,"24":0,"25":0,"26":0,"27":0,"28":0,"29":0,"30":0,"31":0,"32":0,"33":0,"34":0,"35":0,"36":0,"37":0,"38":0,"39":0,"40":0,"41":0,"42":0,"43":0,"44":0,"45":0,"46":0,"47":0,"48":0,"49":0,"50":0,"51":0,"52":0,"53":0,"54":0,"55":0,"56":0,"57":0,"58":0,"59":0,"60":0,"61":0,"62":0,"63":0,"64":0,"65":0,"66":0,"67":0,"68":0,"69":0,"70":0,"71":0,"72":0,"73":0,"74":0,"75":0,"76":0,"77":0,"78":0,"79":0,"80":0,"81":0,"82":0,"83":0,"84":0,"85":0},"f":{"0":0,"1":0,"2":0,"3":0,"4":0,"5":0,"6":0,"7":0,"8":0,"9":0,"10":0,"11":0,"12":0,"13":0,"14":0,"15":0,"16":0,"17":0,"18":0,"19":0,"20":0,"21":0,"22":0,"23":0,"24":0,"25":0,"26":0,"27":0,"28":0,"29":0,"30":0,"31":0,"32":0,"33":0,"34":0,"35":0,"36":0,"37":0,"38":0,"39":0,"40":0,"41":0,"42":0},"b":{}}
,"/home/ruben/2022_2023/GPS/back/src/products/products.controller.ts": {"path":"/home/ruben/2022_2023/GPS/back/src/products/products.controller.ts","statementMap":{"0":{"start":{"line":1,"column":0},"end":{"line":1,"column":81}},"1":{"start":{"line":2,"column":0},"end":{"line":2,"column":79}},"2":{"start":{"line":3,"column":0},"end":{"line":3,"column":53}},"3":{"start":{"line":7,"column":7},"end":{"line":211,"column":null}},"4":{"start":{"line":8,"column":33},"end":{"line":8,"column":50}},"5":{"start":{"line":21,"column":8},"end":{"line":21,"column":null}},"6":{"start":{"line":32,"column":8},"end":{"line":32,"column":null}},"7":{"start":{"line":46,"column":8},"end":{"line":46,"column":null}},"8":{"start":{"line":57,"column":8},"end":{"line":57,"column":null}},"9":{"start":{"line":75,"column":8},"end":{"line":75,"column":null}},"10":{"start":{"line":89,"column":8},"end":{"line":89,"column":null}},"11":{"start":{"line":107,"column":8},"end":{"line":107,"column":null}},"12":{"start":{"line":118,"column":8},"end":{"line":118,"column":null}},"13":{"start":{"line":129,"column":8},"end":{"line":129,"column":null}},"14":{"start":{"line":162,"column":8},"end":{"line":162,"column":null}},"15":{"start":{"line":195,"column":8},"end":{"line":195,"column":null}},"16":{"start":{"line":208,"column":8},"end":{"line":208,"column":null}},"17":{"start":{"line":20,"column":10},"end":{"line":22,"column":null}},"18":{"start":{"line":31,"column":10},"end":{"line":33,"column":null}},"19":{"start":{"line":45,"column":10},"end":{"line":47,"column":null}},"20":{"start":{"line":56,"column":10},"end":{"line":58,"column":null}},"21":{"start":{"line":74,"column":10},"end":{"line":76,"column":null}},"22":{"start":{"line":88,"column":10},"end":{"line":90,"column":null}},"23":{"start":{"line":106,"column":10},"end":{"line":108,"column":null}},"24":{"start":{"line":117,"column":10},"end":{"line":119,"column":null}},"25":{"start":{"line":128,"column":10},"end":{"line":130,"column":null}},"26":{"start":{"line":154,"column":10},"end":{"line":163,"column":null}},"27":{"start":{"line":187,"column":10},"end":{"line":196,"column":null}},"28":{"start":{"line":207,"column":10},"end":{"line":209,"column":null}},"29":{"start":{"line":7,"column":13},"end":{"line":211,"column":null}},"30":{"start":{"line":7,"column":13},"end":{"line":7,"column":31}}},"fnMap":{"0":{"name":"(anonymous_4)","decl":{"start":{"line":8,"column":4},"end":{"line":8,"column":33}},"loc":{"start":{"line":8,"column":65},"end":{"line":8,"column":69}}},"1":{"name":"(anonymous_5)","decl":{"start":{"line":20,"column":4},"end":{"line":20,"column":9}},"loc":{"start":{"line":20,"column":40},"end":{"line":22,"column":5}}},"2":{"name":"(anonymous_6)","decl":{"start":{"line":31,"column":4},"end":{"line":31,"column":9}},"loc":{"start":{"line":31,"column":38},"end":{"line":33,"column":5}}},"3":{"name":"(anonymous_7)","decl":{"start":{"line":45,"column":4},"end":{"line":45,"column":9}},"loc":{"start":{"line":45,"column":45},"end":{"line":47,"column":5}}},"4":{"name":"(anonymous_8)","decl":{"start":{"line":56,"column":4},"end":{"line":56,"column":9}},"loc":{"start":{"line":56,"column":44},"end":{"line":58,"column":5}}},"5":{"name":"(anonymous_9)","decl":{"start":{"line":74,"column":4},"end":{"line":74,"column":9}},"loc":{"start":{"line":74,"column":50},"end":{"line":76,"column":5}}},"6":{"name":"(anonymous_10)","decl":{"start":{"line":88,"column":4},"end":{"line":88,"column":9}},"loc":{"start":{"line":88,"column":40},"end":{"line":90,"column":5}}},"7":{"name":"(anonymous_11)","decl":{"start":{"line":106,"column":4},"end":{"line":106,"column":9}},"loc":{"start":{"line":106,"column":49},"end":{"line":108,"column":5}}},"8":{"name":"(anonymous_12)","decl":{"start":{"line":117,"column":4},"end":{"line":117,"column":9}},"loc":{"start":{"line":117,"column":40},"end":{"line":119,"column":5}}},"9":{"name":"(anonymous_13)","decl":{"start":{"line":128,"column":4},"end":{"line":128,"column":9}},"loc":{"start":{"line":128,"column":42},"end":{"line":130,"column":5}}},"10":{"name":"(anonymous_14)","decl":{"start":{"line":154,"column":4},"end":{"line":154,"column":9}},"loc":{"start":{"line":160,"column":38},"end":{"line":163,"column":5}}},"11":{"name":"(anonymous_15)","decl":{"start":{"line":187,"column":4},"end":{"line":187,"column":9}},"loc":{"start":{"line":193,"column":48},"end":{"line":196,"column":5}}},"12":{"name":"(anonymous_16)","decl":{"start":{"line":207,"column":4},"end":{"line":207,"column":9}},"loc":{"start":{"line":207,"column":39},"end":{"line":209,"column":5}}}},"branchMap":{},"s":{"0":0,"1":0,"2":0,"3":0,"4":0,"5":0,"6":0,"7":0,"8":0,"9":0,"10":0,"11":0,"12":0,"13":0,"14":0,"15":0,"16":0,"17":0,"18":0,"19":0,"20":0,"21":0,"22":0,"23":0,"24":0,"25":0,"26":0,"27":0,"28":0,"29":0,"30":0},"f":{"0":0,"1":0,"2":0,"3":0,"4":0,"5":0,"6":0,"7":0,"8":0,"9":0,"10":0,"11":0,"12":0},"b":{}}
,"/home/ruben/2022_2023/GPS/back/src/products/products.model.ts": {"path":"/home/ruben/2022_2023/GPS/back/src/products/products.model.ts","statementMap":{"0":{"start":{"line":1,"column":0},"end":{"line":1,"column":36}},"1":{"start":{"line":2,"column":13},"end":{"line":35,"column":null}}},"fnMap":{},"branchMap":{},"s":{"0":1,"1":1},"f":{},"b":{}}
,"/home/ruben/2022_2023/GPS/back/src/products/products.module.ts": {"path":"/home/ruben/2022_2023/GPS/back/src/products/products.module.ts","statementMap":{"0":{"start":{"line":1,"column":0},"end":{"line":1,"column":40}},"1":{"start":{"line":2,"column":0},"end":{"line":2,"column":50}},"2":{"start":{"line":3,"column":0},"end":{"line":3,"column":57}},"3":{"start":{"line":4,"column":0},"end":{"line":4,"column":61}},"4":{"start":{"line":5,"column":0},"end":{"line":5,"column":40}},"5":{"start":{"line":6,"column":0},"end":{"line":6,"column":59}},"6":{"start":{"line":7,"column":0},"end":{"line":7,"column":49}},"7":{"start":{"line":8,"column":0},"end":{"line":8,"column":53}},"8":{"start":{"line":18,"column":7},"end":{"line":18,"column":null}},"9":{"start":{"line":18,"column":13},"end":{"line":18,"column":null}},"10":{"start":{"line":18,"column":13},"end":{"line":18,"column":27}}},"fnMap":{},"branchMap":{},"s":{"0":0,"1":0,"2":0,"3":0,"4":0,"5":0,"6":0,"7":0,"8":0,"9":0,"10":0},"f":{},"b":{}}
,"/home/ruben/2022_2023/GPS/back/src/products/products.service.spec.ts": {"path":"/home/ruben/2022_2023/GPS/back/src/products/products.service.spec.ts","statementMap":{"0":{"start":{"line":1,"column":0},"end":{"line":1,"column":49}},"1":{"start":{"line":2,"column":0},"end":{"line":2,"column":54}},"2":{"start":{"line":5,"column":0},"end":{"line":5,"column":53}},"3":{"start":{"line":9,"column":16},"end":{"line":17,"column":null}},"4":{"start":{"line":19,"column":15},"end":{"line":24,"column":null}},"5":{"start":{"line":27,"column":23},"end":{"line":27,"column":30}},"6":{"start":{"line":28,"column":2},"end":{"line":28,"column":48}},"7":{"start":{"line":29,"column":9},"end":{"line":31,"column":6}},"8":{"start":{"line":29,"column":55},"end":{"line":31,"column":4}},"9":{"start":{"line":32,"column":9},"end":{"line":34,"column":6}},"10":{"start":{"line":32,"column":52},"end":{"line":34,"column":4}},"11":{"start":{"line":35,"column":9},"end":{"line":35,"column":65}},"12":{"start":{"line":36,"column":9},"end":{"line":36,"column":87}},"13":{"start":{"line":40,"column":23},"end":{"line":40,"column":30}},"14":{"start":{"line":41,"column":2},"end":{"line":41,"column":48}},"15":{"start":{"line":42,"column":9},"end":{"line":44,"column":6}},"16":{"start":{"line":42,"column":55},"end":{"line":44,"column":4}},"17":{"start":{"line":45,"column":9},"end":{"line":45,"column":55}},"18":{"start":{"line":46,"column":9},"end":{"line":46,"column":65}},"19":{"start":{"line":47,"column":9},"end":{"line":47,"column":69}},"20":{"start":{"line":51,"column":23},"end":{"line":51,"column":30}},"21":{"start":{"line":52,"column":2},"end":{"line":52,"column":48}},"22":{"start":{"line":53,"column":9},"end":{"line":55,"column":6}},"23":{"start":{"line":53,"column":55},"end":{"line":55,"column":4}},"24":{"start":{"line":56,"column":9},"end":{"line":58,"column":6}},"25":{"start":{"line":56,"column":52},"end":{"line":58,"column":4}},"26":{"start":{"line":59,"column":9},"end":{"line":59,"column":64}},"27":{"start":{"line":60,"column":9},"end":{"line":60,"column":87}},"28":{"start":{"line":64,"column":0},"end":{"line":227,"column":3}},"29":{"start":{"line":66,"column":2},"end":{"line":86,"column":5}},"30":{"start":{"line":67,"column":34},"end":{"line":83,"column":16}},"31":{"start":{"line":85,"column":4},"end":{"line":85,"column":59}},"32":{"start":{"line":88,"column":2},"end":{"line":90,"column":5}},"33":{"start":{"line":89,"column":4},"end":{"line":89,"column":34}},"34":{"start":{"line":92,"column":2},"end":{"line":96,"column":5}},"35":{"start":{"line":93,"column":4},"end":{"line":95,"column":7}},"36":{"start":{"line":94,"column":6},"end":{"line":94,"column":69}},"37":{"start":{"line":98,"column":2},"end":{"line":102,"column":5}},"38":{"start":{"line":99,"column":4},"end":{"line":101,"column":7}},"39":{"start":{"line":100,"column":6},"end":{"line":100,"column":86}},"40":{"start":{"line":104,"column":2},"end":{"line":117,"column":5}},"41":{"start":{"line":105,"column":4},"end":{"line":116,"column":7}},"42":{"start":{"line":106,"column":6},"end":{"line":114,"column":10}},"43":{"start":{"line":106,"column":66},"end":{"line":114,"column":8}},"44":{"start":{"line":107,"column":54},"end":{"line":113,"column":10}},"45":{"start":{"line":108,"column":56},"end":{"line":112,"column":12}},"46":{"start":{"line":109,"column":59},"end":{"line":111,"column":14}},"47":{"start":{"line":115,"column":6},"end":{"line":115,"column":72}},"48":{"start":{"line":119,"column":2},"end":{"line":128,"column":5}},"49":{"start":{"line":120,"column":4},"end":{"line":127,"column":7}},"50":{"start":{"line":121,"column":6},"end":{"line":125,"column":10}},"51":{"start":{"line":121,"column":62},"end":{"line":125,"column":8}},"52":{"start":{"line":122,"column":54},"end":{"line":124,"column":10}},"53":{"start":{"line":126,"column":6},"end":{"line":126,"column":86}},"54":{"start":{"line":130,"column":2},"end":{"line":134,"column":5}},"55":{"start":{"line":131,"column":4},"end":{"line":133,"column":7}},"56":{"start":{"line":132,"column":6},"end":{"line":132,"column":78}},"57":{"start":{"line":136,"column":2},"end":{"line":140,"column":5}},"58":{"start":{"line":137,"column":4},"end":{"line":139,"column":7}},"59":{"start":{"line":138,"column":6},"end":{"line":138,"column":97}},"60":{"start":{"line":142,"column":2},"end":{"line":146,"column":5}},"61":{"start":{"line":143,"column":4},"end":{"line":145,"column":7}},"62":{"start":{"line":144,"column":6},"end":{"line":144,"column":97}},"63":{"start":{"line":148,"column":2},"end":{"line":152,"column":5}},"64":{"start":{"line":149,"column":4},"end":{"line":151,"column":7}},"65":{"start":{"line":150,"column":6},"end":{"line":150,"column":97}},"66":{"start":{"line":154,"column":2},"end":{"line":161,"column":5}},"67":{"start":{"line":155,"column":4},"end":{"line":160,"column":7}},"68":{"start":{"line":156,"column":6},"end":{"line":158,"column":10}},"69":{"start":{"line":156,"column":62},"end":{"line":158,"column":8}},"70":{"start":{"line":159,"column":6},"end":{"line":159,"column":82}},"71":{"start":{"line":163,"column":2},"end":{"line":176,"column":5}},"72":{"start":{"line":164,"column":4},"end":{"line":175,"column":7}},"73":{"start":{"line":165,"column":6},"end":{"line":173,"column":10}},"74":{"start":{"line":165,"column":66},"end":{"line":173,"column":8}},"75":{"start":{"line":166,"column":54},"end":{"line":172,"column":10}},"76":{"start":{"line":167,"column":56},"end":{"line":171,"column":12}},"77":{"start":{"line":168,"column":59},"end":{"line":170,"column":14}},"78":{"start":{"line":174,"column":6},"end":{"line":174,"column":86}},"79":{"start":{"line":178,"column":2},"end":{"line":191,"column":5}},"80":{"start":{"line":179,"column":4},"end":{"line":190,"column":7}},"81":{"start":{"line":180,"column":6},"end":{"line":188,"column":10}},"82":{"start":{"line":180,"column":66},"end":{"line":188,"column":8}},"83":{"start":{"line":181,"column":54},"end":{"line":187,"column":10}},"84":{"start":{"line":182,"column":56},"end":{"line":186,"column":12}},"85":{"start":{"line":183,"column":59},"end":{"line":185,"column":14}},"86":{"start":{"line":189,"column":6},"end":{"line":189,"column":88}},"87":{"start":{"line":193,"column":2},"end":{"line":202,"column":5}},"88":{"start":{"line":194,"column":4},"end":{"line":201,"column":7}},"89":{"start":{"line":195,"column":6},"end":{"line":199,"column":10}},"90":{"start":{"line":195,"column":62},"end":{"line":199,"column":8}},"91":{"start":{"line":196,"column":54},"end":{"line":198,"column":10}},"92":{"start":{"line":200,"column":6},"end":{"line":200,"column":100}},"93":{"start":{"line":204,"column":2},"end":{"line":209,"column":5}},"94":{"start":{"line":205,"column":4},"end":{"line":208,"column":7}},"95":{"start":{"line":206,"column":16},"end":{"line":206,"column":115}},"96":{"start":{"line":207,"column":6},"end":{"line":207,"column":61}},"97":{"start":{"line":211,"column":2},"end":{"line":217,"column":5}},"98":{"start":{"line":212,"column":4},"end":{"line":216,"column":7}},"99":{"start":{"line":213,"column":6},"end":{"line":213,"column":70}},"100":{"start":{"line":214,"column":16},"end":{"line":214,"column":116}},"101":{"start":{"line":215,"column":6},"end":{"line":215,"column":56}},"102":{"start":{"line":219,"column":2},"end":{"line":224,"column":5}},"103":{"start":{"line":220,"column":4},"end":{"line":223,"column":7}},"104":{"start":{"line":221,"column":16},"end":{"line":221,"column":68}},"105":{"start":{"line":222,"column":6},"end":{"line":222,"column":29}}},"fnMap":{"0":{"name":"(anonymous_0)","decl":{"start":{"line":27,"column":2},"end":{"line":27,"column":23}},"loc":{"start":{"line":27,"column":27},"end":{"line":27,"column":31}}},"1":{"name":"(anonymous_1)","decl":{"start":{"line":29,"column":48},"end":{"line":29,"column":51}},"loc":{"start":{"line":29,"column":55},"end":{"line":31,"column":4}}},"2":{"name":"(anonymous_2)","decl":{"start":{"line":32,"column":45},"end":{"line":32,"column":48}},"loc":{"start":{"line":32,"column":52},"end":{"line":34,"column":4}}},"3":{"name":"(anonymous_3)","decl":{"start":{"line":40,"column":2},"end":{"line":40,"column":23}},"loc":{"start":{"line":40,"column":27},"end":{"line":40,"column":31}}},"4":{"name":"(anonymous_4)","decl":{"start":{"line":42,"column":48},"end":{"line":42,"column":51}},"loc":{"start":{"line":42,"column":55},"end":{"line":44,"column":4}}},"5":{"name":"(anonymous_5)","decl":{"start":{"line":51,"column":2},"end":{"line":51,"column":23}},"loc":{"start":{"line":51,"column":27},"end":{"line":51,"column":31}}},"6":{"name":"(anonymous_6)","decl":{"start":{"line":53,"column":48},"end":{"line":53,"column":51}},"loc":{"start":{"line":53,"column":55},"end":{"line":55,"column":4}}},"7":{"name":"(anonymous_7)","decl":{"start":{"line":56,"column":45},"end":{"line":56,"column":48}},"loc":{"start":{"line":56,"column":52},"end":{"line":58,"column":4}}},"8":{"name":"(anonymous_8)","decl":{"start":{"line":64,"column":28},"end":{"line":64,"column":31}},"loc":{"start":{"line":64,"column":33},"end":{"line":227,"column":1}}},"9":{"name":"(anonymous_9)","decl":{"start":{"line":66,"column":13},"end":{"line":66,"column":18}},"loc":{"start":{"line":66,"column":24},"end":{"line":86,"column":3}}},"10":{"name":"(anonymous_10)","decl":{"start":{"line":88,"column":26},"end":{"line":88,"column":29}},"loc":{"start":{"line":88,"column":31},"end":{"line":90,"column":3}}},"11":{"name":"(anonymous_11)","decl":{"start":{"line":92,"column":29},"end":{"line":92,"column":32}},"loc":{"start":{"line":92,"column":34},"end":{"line":96,"column":3}}},"12":{"name":"(anonymous_12)","decl":{"start":{"line":93,"column":44},"end":{"line":93,"column":49}},"loc":{"start":{"line":93,"column":55},"end":{"line":95,"column":5}}},"13":{"name":"(anonymous_13)","decl":{"start":{"line":98,"column":33},"end":{"line":98,"column":36}},"loc":{"start":{"line":98,"column":38},"end":{"line":102,"column":3}}},"14":{"name":"(anonymous_14)","decl":{"start":{"line":99,"column":48},"end":{"line":99,"column":53}},"loc":{"start":{"line":99,"column":59},"end":{"line":101,"column":5}}},"15":{"name":"(anonymous_15)","decl":{"start":{"line":104,"column":30},"end":{"line":104,"column":33}},"loc":{"start":{"line":104,"column":35},"end":{"line":117,"column":3}}},"16":{"name":"(anonymous_16)","decl":{"start":{"line":105,"column":61},"end":{"line":105,"column":66}},"loc":{"start":{"line":105,"column":72},"end":{"line":116,"column":5}}},"17":{"name":"(anonymous_17)","decl":{"start":{"line":106,"column":59},"end":{"line":106,"column":62}},"loc":{"start":{"line":106,"column":66},"end":{"line":114,"column":8}}},"18":{"name":"(anonymous_18)","decl":{"start":{"line":107,"column":47},"end":{"line":107,"column":50}},"loc":{"start":{"line":107,"column":54},"end":{"line":113,"column":10}}},"19":{"name":"(anonymous_19)","decl":{"start":{"line":108,"column":49},"end":{"line":108,"column":52}},"loc":{"start":{"line":108,"column":56},"end":{"line":112,"column":12}}},"20":{"name":"(anonymous_20)","decl":{"start":{"line":109,"column":52},"end":{"line":109,"column":55}},"loc":{"start":{"line":109,"column":59},"end":{"line":111,"column":14}}},"21":{"name":"(anonymous_21)","decl":{"start":{"line":119,"column":37},"end":{"line":119,"column":40}},"loc":{"start":{"line":119,"column":42},"end":{"line":128,"column":3}}},"22":{"name":"(anonymous_22)","decl":{"start":{"line":120,"column":61},"end":{"line":120,"column":66}},"loc":{"start":{"line":120,"column":72},"end":{"line":127,"column":5}}},"23":{"name":"(anonymous_23)","decl":{"start":{"line":121,"column":55},"end":{"line":121,"column":58}},"loc":{"start":{"line":121,"column":62},"end":{"line":125,"column":8}}},"24":{"name":"(anonymous_24)","decl":{"start":{"line":122,"column":47},"end":{"line":122,"column":50}},"loc":{"start":{"line":122,"column":54},"end":{"line":124,"column":10}}},"25":{"name":"(anonymous_25)","decl":{"start":{"line":130,"column":36},"end":{"line":130,"column":39}},"loc":{"start":{"line":130,"column":41},"end":{"line":134,"column":3}}},"26":{"name":"(anonymous_26)","decl":{"start":{"line":131,"column":61},"end":{"line":131,"column":66}},"loc":{"start":{"line":131,"column":72},"end":{"line":133,"column":5}}},"27":{"name":"(anonymous_27)","decl":{"start":{"line":136,"column":43},"end":{"line":136,"column":46}},"loc":{"start":{"line":136,"column":48},"end":{"line":140,"column":3}}},"28":{"name":"(anonymous_28)","decl":{"start":{"line":137,"column":71},"end":{"line":137,"column":76}},"loc":{"start":{"line":137,"column":82},"end":{"line":139,"column":5}}},"29":{"name":"(anonymous_29)","decl":{"start":{"line":142,"column":43},"end":{"line":142,"column":46}},"loc":{"start":{"line":142,"column":48},"end":{"line":146,"column":3}}},"30":{"name":"(anonymous_30)","decl":{"start":{"line":143,"column":71},"end":{"line":143,"column":76}},"loc":{"start":{"line":143,"column":82},"end":{"line":145,"column":5}}},"31":{"name":"(anonymous_31)","decl":{"start":{"line":148,"column":43},"end":{"line":148,"column":46}},"loc":{"start":{"line":148,"column":48},"end":{"line":152,"column":3}}},"32":{"name":"(anonymous_32)","decl":{"start":{"line":149,"column":71},"end":{"line":149,"column":76}},"loc":{"start":{"line":149,"column":82},"end":{"line":151,"column":5}}},"33":{"name":"(anonymous_33)","decl":{"start":{"line":154,"column":33},"end":{"line":154,"column":36}},"loc":{"start":{"line":154,"column":38},"end":{"line":161,"column":3}}},"34":{"name":"(anonymous_34)","decl":{"start":{"line":155,"column":64},"end":{"line":155,"column":69}},"loc":{"start":{"line":155,"column":75},"end":{"line":160,"column":5}}},"35":{"name":"(anonymous_35)","decl":{"start":{"line":156,"column":55},"end":{"line":156,"column":58}},"loc":{"start":{"line":156,"column":62},"end":{"line":158,"column":8}}},"36":{"name":"(anonymous_36)","decl":{"start":{"line":163,"column":30},"end":{"line":163,"column":33}},"loc":{"start":{"line":163,"column":35},"end":{"line":176,"column":3}}},"37":{"name":"(anonymous_37)","decl":{"start":{"line":164,"column":63},"end":{"line":164,"column":68}},"loc":{"start":{"line":164,"column":74},"end":{"line":175,"column":5}}},"38":{"name":"(anonymous_38)","decl":{"start":{"line":165,"column":59},"end":{"line":165,"column":62}},"loc":{"start":{"line":165,"column":66},"end":{"line":173,"column":8}}},"39":{"name":"(anonymous_39)","decl":{"start":{"line":166,"column":47},"end":{"line":166,"column":50}},"loc":{"start":{"line":166,"column":54},"end":{"line":172,"column":10}}},"40":{"name":"(anonymous_40)","decl":{"start":{"line":167,"column":49},"end":{"line":167,"column":52}},"loc":{"start":{"line":167,"column":56},"end":{"line":171,"column":12}}},"41":{"name":"(anonymous_41)","decl":{"start":{"line":168,"column":52},"end":{"line":168,"column":55}},"loc":{"start":{"line":168,"column":59},"end":{"line":170,"column":14}}},"42":{"name":"(anonymous_42)","decl":{"start":{"line":178,"column":29},"end":{"line":178,"column":32}},"loc":{"start":{"line":178,"column":34},"end":{"line":191,"column":3}}},"43":{"name":"(anonymous_43)","decl":{"start":{"line":179,"column":65},"end":{"line":179,"column":70}},"loc":{"start":{"line":179,"column":76},"end":{"line":190,"column":5}}},"44":{"name":"(anonymous_44)","decl":{"start":{"line":180,"column":59},"end":{"line":180,"column":62}},"loc":{"start":{"line":180,"column":66},"end":{"line":188,"column":8}}},"45":{"name":"(anonymous_45)","decl":{"start":{"line":181,"column":47},"end":{"line":181,"column":50}},"loc":{"start":{"line":181,"column":54},"end":{"line":187,"column":10}}},"46":{"name":"(anonymous_46)","decl":{"start":{"line":182,"column":49},"end":{"line":182,"column":52}},"loc":{"start":{"line":182,"column":56},"end":{"line":186,"column":12}}},"47":{"name":"(anonymous_47)","decl":{"start":{"line":183,"column":52},"end":{"line":183,"column":55}},"loc":{"start":{"line":183,"column":59},"end":{"line":185,"column":14}}},"48":{"name":"(anonymous_48)","decl":{"start":{"line":193,"column":36},"end":{"line":193,"column":39}},"loc":{"start":{"line":193,"column":41},"end":{"line":202,"column":3}}},"49":{"name":"(anonymous_49)","decl":{"start":{"line":194,"column":77},"end":{"line":194,"column":82}},"loc":{"start":{"line":194,"column":88},"end":{"line":201,"column":5}}},"50":{"name":"(anonymous_50)","decl":{"start":{"line":195,"column":55},"end":{"line":195,"column":58}},"loc":{"start":{"line":195,"column":62},"end":{"line":199,"column":8}}},"51":{"name":"(anonymous_51)","decl":{"start":{"line":196,"column":47},"end":{"line":196,"column":50}},"loc":{"start":{"line":196,"column":54},"end":{"line":198,"column":10}}},"52":{"name":"(anonymous_52)","decl":{"start":{"line":204,"column":25},"end":{"line":204,"column":28}},"loc":{"start":{"line":204,"column":30},"end":{"line":209,"column":3}}},"53":{"name":"(anonymous_53)","decl":{"start":{"line":205,"column":50},"end":{"line":205,"column":55}},"loc":{"start":{"line":205,"column":61},"end":{"line":208,"column":5}}},"54":{"name":"(anonymous_54)","decl":{"start":{"line":211,"column":28},"end":{"line":211,"column":31}},"loc":{"start":{"line":211,"column":33},"end":{"line":217,"column":3}}},"55":{"name":"(anonymous_55)","decl":{"start":{"line":212,"column":55},"end":{"line":212,"column":60}},"loc":{"start":{"line":212,"column":66},"end":{"line":216,"column":5}}},"56":{"name":"(anonymous_56)","decl":{"start":{"line":219,"column":28},"end":{"line":219,"column":31}},"loc":{"start":{"line":219,"column":33},"end":{"line":224,"column":3}}},"57":{"name":"(anonymous_57)","decl":{"start":{"line":220,"column":45},"end":{"line":220,"column":50}},"loc":{"start":{"line":220,"column":56},"end":{"line":223,"column":5}}}},"branchMap":{},"s":{"0":0,"1":0,"2":0,"3":0,"4":0,"5":0,"6":0,"7":0,"8":0,"9":0,"10":0,"11":0,"12":0,"13":0,"14":0,"15":0,"16":0,"17":0,"18":0,"19":0,"20":0,"21":0,"22":0,"23":0,"24":0,"25":0,"26":0,"27":0,"28":0,"29":0,"30":0,"31":0,"32":0,"33":0,"34":0,"35":0,"36":0,"37":0,"38":0,"39":0,"40":0,"41":0,"42":0,"43":0,"44":0,"45":0,"46":0,"47":0,"48":0,"49":0,"50":0,"51":0,"52":0,"53":0,"54":0,"55":0,"56":0,"57":0,"58":0,"59":0,"60":0,"61":0,"62":0,"63":0,"64":0,"65":0,"66":0,"67":0,"68":0,"69":0,"70":0,"71":0,"72":0,"73":0,"74":0,"75":0,"76":0,"77":0,"78":0,"79":0,"80":0,"81":0,"82":0,"83":0,"84":0,"85":0,"86":0,"87":0,"88":0,"89":0,"90":0,"91":0,"92":0,"93":0,"94":0,"95":0,"96":0,"97":0,"98":0,"99":0,"100":0,"101":0,"102":0,"103":0,"104":0,"105":0},"f":{"0":0,"1":0,"2":0,"3":0,"4":0,"5":0,"6":0,"7":0,"8":0,"9":0,"10":0,"11":0,"12":0,"13":0,"14":0,"15":0,"16":0,"17":0,"18":0,"19":0,"20":0,"21":0,"22":0,"23":0,"24":0,"25":0,"26":0,"27":0,"28":0,"29":0,"30":0,"31":0,"32":0,"33":0,"34":0,"35":0,"36":0,"37":0,"38":0,"39":0,"40":0,"41":0,"42":0,"43":0,"44":0,"45":0,"46":0,"47":0,"48":0,"49":0,"50":0,"51":0,"52":0,"53":0,"54":0,"55":0,"56":0,"57":0},"b":{}}
,"/home/ruben/2022_2023/GPS/back/src/products/products.service.ts": {"path":"/home/ruben/2022_2023/GPS/back/src/products/products.service.ts","statementMap":{"0":{"start":{"line":1,"column":0},"end":{"line":1,"column":44}},"1":{"start":{"line":2,"column":0},"end":{"line":2,"column":47}},"2":{"start":{"line":3,"column":0},"end":{"line":3,"column":33}},"3":{"start":{"line":8,"column":0},"end":{"line":8,"column":null}},"4":{"start":{"line":9,"column":4},"end":{"line":9,"column":null}},"5":{"start":{"line":10,"column":4},"end":{"line":10,"column":null}},"6":{"start":{"line":11,"column":4},"end":{"line":11,"column":null}},"7":{"start":{"line":12,"column":4},"end":{"line":12,"column":null}},"8":{"start":{"line":16,"column":7},"end":{"line":168,"column":null}},"9":{"start":{"line":18,"column":57},"end":{"line":18,"column":71}},"10":{"start":{"line":19,"column":53},"end":{"line":19,"column":63}},"11":{"start":{"line":20,"column":56},"end":{"line":20,"column":69}},"12":{"start":{"line":23,"column":22},"end":{"line":23,"column":85}},"13":{"start":{"line":24,"column":8},"end":{"line":24,"column":null}},"14":{"start":{"line":28,"column":23},"end":{"line":28,"column":92}},"15":{"start":{"line":29,"column":8},"end":{"line":29,"column":null}},"16":{"start":{"line":33,"column":20},"end":{"line":33,"column":21}},"17":{"start":{"line":34,"column":23},"end":{"line":34,"column":126}},"18":{"start":{"line":35,"column":8},"end":{"line":35,"column":null}},"19":{"start":{"line":39,"column":23},"end":{"line":39,"column":129}},"20":{"start":{"line":40,"column":8},"end":{"line":40,"column":null}},"21":{"start":{"line":44,"column":8},"end":{"line":50,"column":null}},"22":{"start":{"line":45,"column":31},"end":{"line":45,"column":43}},"23":{"start":{"line":46,"column":27},"end":{"line":46,"column":139}},"24":{"start":{"line":47,"column":12},"end":{"line":47,"column":null}},"25":{"start":{"line":49,"column":12},"end":{"line":49,"column":null}},"26":{"start":{"line":54,"column":8},"end":{"line":62,"column":null}},"27":{"start":{"line":55,"column":31},"end":{"line":55,"column":43}},"28":{"start":{"line":56,"column":27},"end":{"line":58,"column":65}},"29":{"start":{"line":59,"column":12},"end":{"line":59,"column":null}},"30":{"start":{"line":61,"column":12},"end":{"line":61,"column":null}},"31":{"start":{"line":66,"column":20},"end":{"line":66,"column":21}},"32":{"start":{"line":68,"column":27},"end":{"line":68,"column":78}},"33":{"start":{"line":69,"column":8},"end":{"line":69,"column":null}},"34":{"start":{"line":73,"column":26},"end":{"line":73,"column":90}},"35":{"start":{"line":74,"column":8},"end":{"line":74,"column":null}},"36":{"start":{"line":77,"column":23},"end":{"line":80,"column":10}},"37":{"start":{"line":81,"column":25},"end":{"line":81,"column":67}},"38":{"start":{"line":82,"column":8},"end":{"line":85,"column":null}},"39":{"start":{"line":83,"column":12},"end":{"line":83,"column":null}},"40":{"start":{"line":84,"column":12},"end":{"line":84,"column":null}},"41":{"start":{"line":86,"column":8},"end":{"line":86,"column":null}},"42":{"start":{"line":89,"column":21},"end":{"line":89,"column":64}},"43":{"start":{"line":90,"column":8},"end":{"line":90,"column":null}},"44":{"start":{"line":93,"column":20},"end":{"line":93,"column":21}},"45":{"start":{"line":94,"column":23},"end":{"line":94,"column":140}},"46":{"start":{"line":95,"column":8},"end":{"line":95,"column":null}},"47":{"start":{"line":99,"column":20},"end":{"line":99,"column":21}},"48":{"start":{"line":100,"column":23},"end":{"line":100,"column":179}},"49":{"start":{"line":101,"column":8},"end":{"line":101,"column":null}},"50":{"start":{"line":105,"column":23},"end":{"line":106,"column":129}},"51":{"start":{"line":107,"column":8},"end":{"line":107,"column":null}},"52":{"start":{"line":111,"column":8},"end":{"line":133,"column":null}},"53":{"start":{"line":112,"column":31},"end":{"line":112,"column":43}},"54":{"start":{"line":113,"column":38},"end":{"line":113,"column":40}},"55":{"start":{"line":114,"column":32},"end":{"line":114,"column":74}},"56":{"start":{"line":115,"column":12},"end":{"line":119,"column":null}},"57":{"start":{"line":116,"column":16},"end":{"line":116,"column":null}},"58":{"start":{"line":118,"column":16},"end":{"line":118,"column":null}},"59":{"start":{"line":120,"column":31},"end":{"line":128,"column":14}},"60":{"start":{"line":129,"column":12},"end":{"line":129,"column":null}},"61":{"start":{"line":130,"column":12},"end":{"line":130,"column":null}},"62":{"start":{"line":132,"column":12},"end":{"line":132,"column":null}},"63":{"start":{"line":137,"column":8},"end":{"line":155,"column":null}},"64":{"start":{"line":138,"column":31},"end":{"line":138,"column":43}},"65":{"start":{"line":140,"column":38},"end":{"line":140,"column":40}},"66":{"start":{"line":141,"column":32},"end":{"line":141,"column":74}},"67":{"start":{"line":142,"column":12},"end":{"line":146,"column":null}},"68":{"start":{"line":143,"column":16},"end":{"line":143,"column":null}},"69":{"start":{"line":145,"column":16},"end":{"line":145,"column":null}},"70":{"start":{"line":148,"column":27},"end":{"line":148,"column":39}},"71":{"start":{"line":149,"column":27},"end":{"line":149,"column":76}},"72":{"start":{"line":150,"column":26},"end":{"line":150,"column":81}},"73":{"start":{"line":151,"column":12},"end":{"line":151,"column":null}},"74":{"start":{"line":152,"column":12},"end":{"line":152,"column":null}},"75":{"start":{"line":154,"column":12},"end":{"line":154,"column":null}},"76":{"start":{"line":159,"column":21},"end":{"line":159,"column":68}},"77":{"start":{"line":160,"column":8},"end":{"line":165,"column":null}},"78":{"start":{"line":161,"column":12},"end":{"line":161,"column
[...]
-expr","locations":[{"start":{"line":111,"column":11},"end":{"line":111,"column":22}},{"start":{"line":111,"column":26},"end":{"line":111,"column":37}}]},"6":{"loc":{"start":{"line":115,"column":12},"end":{"line":119,"column":null}},"type":"if","locations":[{"start":{"line":115,"column":12},"end":{"line":119,"column":null}},{"start":{"line":117,"column":19},"end":{"line":119,"column":null}}]},"7":{"loc":{"start":{"line":137,"column":8},"end":{"line":155,"column":null}},"type":"if","locations":[{"start":{"line":137,"column":8},"end":{"line":155,"column":null}},{"start":{"line":153,"column":15},"end":{"line":155,"column":null}}]},"8":{"loc":{"start":{"line":137,"column":11},"end":{"line":137,"column":37}},"type":"binary-expr","locations":[{"start":{"line":137,"column":11},"end":{"line":137,"column":22}},{"start":{"line":137,"column":26},"end":{"line":137,"column":37}}]},"9":{"loc":{"start":{"line":142,"column":12},"end":{"line":146,"column":null}},"type":"if","locations":[{"start":{"line":142,"column":12},"end":{"line":146,"column":null}},{"start":{"line":144,"column":19},"end":{"line":146,"column":null}}]},"10":{"loc":{"start":{"line":160,"column":8},"end":{"line":165,"column":null}},"type":"if","locations":[{"start":{"line":160,"column":8},"end":{"line":165,"column":null}},{"start":{"line":163,"column":15},"end":{"line":165,"column":null}}]}},"s":{"0":1,"1":1,"2":1,"3":1,"4":1,"5":1,"6":1,"7":1,"8":1,"9":1,"10":1,"11":1,"12":0,"13":0,"14":0,"15":0,"16":0,"17":0,"18":0,"19":0,"20":0,"21":0,"22":0,"23":0,"24":0,"25":0,"26":0,"27":0,"28":0,"29":0,"30":0,"31":0,"32":0,"33":0,"34":0,"35":0,"36":0,"37":0,"38":0,"39":0,"40":0,"41":0,"42":0,"43":0,"44":0,"45":0,"46":0,"47":0,"48":0,"49":0,"50":0,"51":0,"52":0,"53":0,"54":0,"55":0,"56":0,"57":0,"58":0,"59":0,"60":0,"61":0,"62":0,"63":0,"64":0,"65":0,"66":0,"67":0,"68":0,"69":0,"70":0,"71":0,"72":0,"73":0,"74":0,"75":0,"76":0,"77":0,"78":0,"79":0,"80":0,"81":1,"82":1},"f":{"0":1,"1":1,"2":0,"3":0,"4":0,"5":0,"6":0,"7":0,"8":0,"9":0,"10":0,"11":0,"12":0,"13":0,"14":0,"15":0,"16":0,"17":0},"b":{"0":[1,1],"1":[0,0],"2":[0,0],"3":[0],"4":[0,0],"5":[0,0],"6":[0,0],"7":[0,0],"8":[0,0],"9":[0,0],"10":[0,0]}}
,"/home/ruben/2022_2023/GPS/back/src/purchases/purchases.controller.ts": {"path":"/home/ruben/2022_2023/GPS/back/src/purchases/purchases.controller.ts","statementMap":{"0":{"start":{"line":1,"column":0},"end":{"line":1,"column":81}},"1":{"start":{"line":2,"column":0},"end":{"line":2,"column":79}},"2":{"start":{"line":3,"column":0},"end":{"line":3,"column":55}},"3":{"start":{"line":7,"column":7},"end":{"line":36,"column":null}},"4":{"start":{"line":9,"column":33},"end":{"line":9,"column":51}},"5":{"start":{"line":21,"column":8},"end":{"line":21,"column":92}},"6":{"start":{"line":34,"column":8},"end":{"line":34,"column":null}},"7":{"start":{"line":20,"column":10},"end":{"line":22,"column":null}},"8":{"start":{"line":33,"column":10},"end":{"line":35,"column":null}},"9":{"start":{"line":7,"column":13},"end":{"line":36,"column":null}},"10":{"start":{"line":7,"column":13},"end":{"line":7,"column":32}}},"fnMap":{"0":{"name":"(anonymous_4)","decl":{"start":{"line":9,"column":4},"end":{"line":9,"column":33}},"loc":{"start":{"line":9,"column":67},"end":{"line":9,"column":71}}},"1":{"name":"(anonymous_5)","decl":{"start":{"line":20,"column":4},"end":{"line":20,"column":9}},"loc":{"start":{"line":20,"column":48},"end":{"line":22,"column":5}}},"2":{"name":"(anonymous_6)","decl":{"start":{"line":33,"column":4},"end":{"line":33,"column":9}},"loc":{"start":{"line":33,"column":36},"end":{"line":35,"column":5}}}},"branchMap":{},"s":{"0":1,"1":1,"2":1,"3":1,"4":3,"5":1,"6":1,"7":1,"8":1,"9":1,"10":1},"f":{"0":3,"1":1,"2":1},"b":{}}
,"/home/ruben/2022_2023/GPS/back/src/purchases/purchases.model.ts": {"path":"/home/ruben/2022_2023/GPS/back/src/purchases/purchases.model.ts","statementMap":{"0":{"start":{"line":1,"column":0},"end":{"line":1,"column":36}},"1":{"start":{"line":3,"column":13},"end":{"line":15,"column":null}}},"fnMap":{},"branchMap":{},"s":{"0":0,"1":0},"f":{},"b":{}}
,"/home/ruben/2022_2023/GPS/back/src/purchases/purchases.module.ts": {"path":"/home/ruben/2022_2023/GPS/back/src/purchases/purchases.module.ts","statementMap":{"0":{"start":{"line":1,"column":0},"end":{"line":1,"column":40}},"1":{"start":{"line":2,"column":0},"end":{"line":2,"column":50}},"2":{"start":{"line":3,"column":0},"end":{"line":3,"column":60}},"3":{"start":{"line":4,"column":0},"end":{"line":4,"column":61}},"4":{"start":{"line":5,"column":0},"end":{"line":5,"column":51}},"5":{"start":{"line":6,"column":0},"end":{"line":6,"column":55}},"6":{"start":{"line":14,"column":7},"end":{"line":14,"column":null}},"7":{"start":{"line":14,"column":13},"end":{"line":14,"column":null}},"8":{"start":{"line":14,"column":13},"end":{"line":14,"column":28}}},"fnMap":{},"branchMap":{},"s":{"0":0,"1":0,"2":0,"3":0,"4":0,"5":0,"6":0,"7":0,"8":0},"f":{},"b":{}}
,"/home/ruben/2022_2023/GPS/back/src/purchases/purchases.service.ts": {"path":"/home/ruben/2022_2023/GPS/back/src/purchases/purchases.service.ts","statementMap":{"0":{"start":{"line":1,"column":0},"end":{"line":1,"column":44}},"1":{"start":{"line":2,"column":0},"end":{"line":2,"column":47}},"2":{"start":{"line":3,"column":0},"end":{"line":3,"column":33}},"3":{"start":{"line":8,"column":7},"end":{"line":26,"column":null}},"4":{"start":{"line":9,"column":57},"end":{"line":9,"column":71}},"5":{"start":{"line":10,"column":50},"end":{"line":10,"column":65}},"6":{"start":{"line":13,"column":24},"end":{"line":13,"column":25}},"7":{"start":{"line":14,"column":26},"end":{"line":14,"column":103}},"8":{"start":{"line":15,"column":12},"end":{"line":15,"column":27}},"9":{"start":{"line":19,"column":32},"end":{"line":22,"column":14}},"10":{"start":{"line":23,"column":12},"end":{"line":23,"column":37}},"11":{"start":{"line":24,"column":12},"end":{"line":24,"column":31}},"12":{"start":{"line":8,"column":13},"end":{"line":26,"column":null}},"13":{"start":{"line":8,"column":13},"end":{"line":8,"column":29}}},"fnMap":{"0":{"name":"(anonymous_4)","decl":{"start":{"line":9,"column":4},"end":{"line":9,"column":17}},"loc":{"start":{"line":10,"column":80},"end":{"line":10,"column":85}}},"1":{"name":"(anonymous_5)","decl":{"start":{"line":12,"column":8},"end":{"line":12,"column":13}},"loc":{"start":{"line":12,"column":45},"end":{"line":16,"column":9}}},"2":{"name":"(anonymous_6)","decl":{"start":{"line":18,"column":8},"end":{"line":18,"column":13}},"loc":{"start":{"line":18,"column":42},"end":{"line":25,"column":9}}}},"branchMap":{},"s":{"0":3,"1":3,"2":3,"3":3,"4":12,"5":12,"6":2,"7":2,"8":2,"9":3,"10":3,"11":3,"12":3,"13":3},"f":{"0":12,"1":2,"2":3},"b":{}}
,"/home/ruben/2022_2023/GPS/back/src/users/users.controller.ts": {"path":"/home/ruben/2022_2023/GPS/back/src/users/users.controller.ts","statementMap":{"0":{"start":{"line":1,"column":0},"end":{"line":1,"column":null}},"1":{"start":{"line":11,"column":0},"end":{"line":11,"column":85}},"2":{"start":{"line":12,"column":0},"end":{"line":12,"column":33}},"3":{"start":{"line":13,"column":0},"end":{"line":13,"column":65}},"4":{"start":{"line":14,"column":0},"end":{"line":14,"column":58}},"5":{"start":{"line":15,"column":0},"end":{"line":15,"column":47}},"6":{"start":{"line":19,"column":7},"end":{"line":169,"column":null}},"7":{"start":{"line":21,"column":31},"end":{"line":21,"column":45}},"8":{"start":{"line":41,"column":25},"end":{"line":41,"column":27}},"9":{"start":{"line":42,"column":27},"end":{"line":42,"column":72}},"10":{"start":{"line":43,"column":19},"end":{"line":46,"column":null}},"11":{"start":{"line":48,"column":4},"end":{"line":55,"column":6}},"12":{"start":{"line":69,"column":4},"end":{"line":72,"column":6}},"13":{"start":{"line":78,"column":4},"end":{"line":78,"column":20}},"14":{"start":{"line":83,"column":4},"end":{"line":83,"column":26}},"15":{"start":{"line":84,"column":4},"end":{"line":84,"column":null}},"16":{"start":{"line":93,"column":17},"end":{"line":93,"column":65}},"17":{"start":{"line":94,"column":4},"end":{"line":96,"column":null}},"18":{"start":{"line":95,"column":6},"end":{"line":95,"column":52}},"19":{"start":{"line":97,"column":4},"end":{"line":97,"column":16}},"20":{"start":{"line":103,"column":18},"end":{"line":103,"column":64}},"21":{"start":{"line":104,"column":5},"end":{"line":106,"column":null}},"22":{"start":{"line":105,"column":7},"end":{"line":105,"column":53}},"23":{"start":{"line":107,"column":5},"end":{"line":107,"column":17}},"24":{"start":{"line":122,"column":17},"end":{"line":122,"column":71}},"25":{"start":{"line":123,"column":4},"end":{"line":125,"column":null}},"26":{"start":{"line":124,"column":6},"end":{"line":124,"column":52}},"27":{"start":{"line":126,"column":4},"end":{"line":126,"column":16}},"28":{"start":{"line":142,"column":17},"end":{"line":142,"column":77}},"29":{"start":{"line":143,"column":4},"end":{"line":145,"column":null}},"30":{"start":{"line":144,"column":6},"end":{"line":144,"column":52}},"31":{"start":{"line":146,"column":4},"end":{"line":146,"column":16}},"32":{"start":{"line":162,"column":17},"end":{"line":162,"column":65}},"33":{"start":{"line":163,"column":4},"end":{"line":165,"column":null}},"34":{"start":{"line":164,"column":6},"end":{"line":164,"column":52}},"35":{"start":{"line":166,"column":4},"end":{"line":166,"column":16}},"36":{"start":{"line":36,"column":8},"end":{"line":56,"column":null}},"37":{"start":{"line":58,"column":2},"end":{"line":73,"column":null}},"38":{"start":{"line":75,"column":2},"end":{"line":79,"column":null}},"39":{"start":{"line":81,"column":2},"end":{"line":85,"column":null}},"40":{"start":{"line":92,"column":8},"end":{"line":98,"column":null}},"41":{"start":{"line":102,"column":9},"end":{"line":108,"column":null}},"42":{"start":{"line":118,"column":8},"end":{"line":127,"column":null}},"43":{"start":{"line":137,"column":8},"end":{"line":147,"column":null}},"44":{"start":{"line":157,"column":8},"end":{"line":167,"column":null}},"45":{"start":{"line":19,"column":13},"end":{"line":169,"column":null}},"46":{"start":{"line":19,"column":13},"end":{"line":19,"column":28}}},"fnMap":{"0":{"name":"(anonymous_4)","decl":{"start":{"line":21,"column":2},"end":{"line":21,"column":31}},"loc":{"start":{"line":21,"column":57},"end":{"line":21,"column":62}}},"1":{"name":"(anonymous_5)","decl":{"start":{"line":36,"column":2},"end":{"line":36,"column":7}},"loc":{"start":{"line":39,"column":32},"end":{"line":56,"column":3}}},"2":{"name":"(anonymous_6)","decl":{"start":{"line":68,"column":2},"end":{"line":68,"column":7}},"loc":{"start":{"line":68,"column":22},"end":{"line":73,"column":3}}},"3":{"name":"(anonymous_7)","decl":{"start":{"line":77,"column":2},"end":{"line":77,"column":10}},"loc":{"start":{"line":77,"column":25},"end":{"line":79,"column":3}}},"4":{"name":"(anonymous_8)","decl":{"start":{"line":82,"column":2},"end":{"line":82,"column":8}},"loc":{"start":{"line":82,"column":23},"end":{"line":85,"column":3}}},"5":{"name":"(anonymous_9)","decl":{"start":{"line":92,"column":2},"end":{"line":92,"column":7}},"loc":{"start":{"line":92,"column":28},"end":{"line":98,"column":3}}},"6":{"name":"(anonymous_10)","decl":{"start":{"line":102,"column":3},"end":{"line":102,"column":8}},"loc":{"start":{"line":102,"column":33},"end":{"line":108,"column":4}}},"7":{"name":"(anonymous_11)","decl":{"start":{"line":118,"column":2},"end":{"line":118,"column":7}},"loc":{"start":{"line":120,"column":38},"end":{"line":127,"column":3}}},"8":{"name":"(anonymous_12)","decl":{"start":{"line":137,"column":2},"end":{"line":137,"column":7}},"loc":{"start":{"line":139,"column":44},"end":{"line":147,"column":3}}},"9":{"name":"(anonymous_13)","decl":{"start":{"line":157,"column":2},"end":{"line":157,"column":7}},"loc":{"start":{"line":159,"column":32},"end":{"line":167,"column":3}}}},"branchMap":{"0":{"loc":{"start":{"line":94,"column":4},"end":{"line":96,"column":null}},"type":"if","locations":[{"start":{"line":94,"column":4},"end":{"line":96,"column":null}}]},"1":{"loc":{"start":{"line":104,"column":5},"end":{"line":106,"column":null}},"type":"if","locations":[{"start":{"line":104,"column":5},"end":{"line":106,"column":null}}]},"2":{"loc":{"start":{"line":123,"column":4},"end":{"line":125,"column":null}},"type":"if","locations":[{"start":{"line":123,"column":4},"end":{"line":125,"column":null}}]},"3":{"loc":{"start":{"line":143,"column":4},"end":{"line":145,"column":null}},"type":"if","locations":[{"start":{"line":143,"column":4},"end":{"line":145,"column":null}}]},"4":{"loc":{"start":{"line":163,"column":4},"end":{"line":165,"column":null}},"type":"if","locations":[{"start":{"line":163,"column":4},"end":{"line":165,"column":null}}]}},"s":{"0":1,"1":1,"2":1,"3":1,"4":1,"5":1,"6":1,"7":7,"8":1,"9":1,"10":1,"11":1,"12":1,"13":0,"14":0,"15":0,"16":1,"17":1,"18":0,"19":1,"20":1,"21":1,"22":0,"23":1,"24":1,"25":1,"26":0,"27":1,"28":1,"29":1,"30":0,"31":1,"32":0,"33":0,"34":0,"35":0,"36":1,"37":1,"38":1,"39":1,"40":1,"41":1,"42":1,"43":1,"44":1,"45":1,"46":1},"f":{"0":7,"1":1,"2":1,"3":0,"4":0,"5":1,"6":1,"7":1,"8":1,"9":0},"b":{"0":[0],"1":[0],"2":[0],"3":[0],"4":[0]}}
,"/home/ruben/2022_2023/GPS/back/src/users/users.model.ts": {"path":"/home/ruben/2022_2023/GPS/back/src/users/users.model.ts","statementMap":{"0":{"start":{"line":1,"column":0},"end":{"line":1,"column":36}},"1":{"start":{"line":2,"column":13},"end":{"line":31,"column":null}}},"fnMap":{},"branchMap":{},"s":{"0":1,"1":1},"f":{},"b":{}}
,"/home/ruben/2022_2023/GPS/back/src/users/users.module.ts": {"path":"/home/ruben/2022_2023/GPS/back/src/users/users.module.ts","statementMap":{"0":{"start":{"line":1,"column":0},"end":{"line":1,"column":39}},"1":{"start":{"line":2,"column":0},"end":{"line":2,"column":49}},"2":{"start":{"line":3,"column":0},"end":{"line":3,"column":52}},"3":{"start":{"line":4,"column":0},"end":{"line":4,"column":42}},"4":{"start":{"line":5,"column":0},"end":{"line":5,"column":46}},"5":{"start":{"line":12,"column":7},"end":{"line":12,"column":null}},"6":{"start":{"line":12,"column":13},"end":{"line":12,"column":null}},"7":{"start":{"line":12,"column":13},"end":{"line":12,"column":24}}},"fnMap":{},"branchMap":{},"s":{"0":0,"1":0,"2":0,"3":0,"4":0,"5":0,"6":0,"7":0},"f":{},"b":{}}
,"/home/ruben/2022_2023/GPS/back/src/users/users.service.ts": {"path":"/home/ruben/2022_2023/GPS/back/src/users/users.service.ts","statementMap":{"0":{"start":{"line":1,"column":0},"end":{"line":1,"column":44}},"1":{"start":{"line":2,"column":0},"end":{"line":2,"column":47}},"2":{"start":{"line":3,"column":0},"end":{"line":3,"column":33}},"3":{"start":{"line":7,"column":7},"end":{"line":64,"column":null}},"4":{"start":{"line":9,"column":52},"end":{"line":9,"column":63}},"5":{"start":{"line":12,"column":21},"end":{"line":12,"column":43}},"6":{"start":{"line":13,"column":21},"end":{"line":13,"column":23}},"7":{"start":{"line":14,"column":24},"end":{"line":14,"column":26}},"8":{"start":{"line":15,"column":20},"end":{"line":21,"column":6}},"9":{"start":{"line":22,"column":4},"end":{"line":22,"column":25}},"10":{"start":{"line":23,"column":4},"end":{"line":23,"column":19}},"11":{"start":{"line":26,"column":15},"end":{"line":26,"column":64}},"12":{"start":{"line":27,"column":4},"end":{"line":27,"column":null}},"13":{"start":{"line":30,"column":21},"end":{"line":30,"column":44}},"14":{"start":{"line":31,"column":17},"end":{"line":31,"column":59}},"15":{"start":{"line":32,"column":4},"end":{"line":32,"column":16}},"16":{"start":{"line":36,"column":21},"end":{"line":36,"column":44}},"17":{"start":{"line":37,"column":18},"end":{"line":37,"column":67}},"18":{"start":{"line":38,"column":4},"end":{"line":38,"column":17}},"19":{"start":{"line":42,"column":21},"end":{"line":42,"column":57}},"20":{"start":{"line":43,"column":19},"end":{"line":43,"column":41}},"21":{"start":{"line":44,"column":15},"end":{"line":44,"column":70}},"22":{"start":{"line":45,"column":4},"end":{"line":45,"column":50}},"23":{"start":{"line":46,"column":4},"end":{"line":46,"column":16}},"24":{"start":{"line":50,"column":21},"end":{"line":50,"column":57}},"25":{"start":{"line":51,"column":19},"end":{"line":51,"column":47}},"26":{"start":{"line":52,"column":15},"end":{"line":52,"column":70}},"27":{"start":{"line":53,"column":4},"end":{"line":53,"column":50}},"28":{"start":{"line":54,"column":4},"end":{"line":54,"column":16}},"29":{"start":{"line":58,"column":21},"end":{"line":58,"column":58}},"30":{"start":{"line":59,"column":19},"end":{"line":59,"column":35}},"31":{"start":{"line":60,"column":15},"end":{"line":60,"column":70}},"32":{"start":{"line":61,"column":4},"end":{"line":61,"column":50}},"33":{"start":{"line":62,"column":4},"end":{"line":62,"column":16}},"34":{"start":{"line":7,"column":13},"end":{"line":64,"column":null}},"35":{"start":{"line":7,"column":13},"end":{"line":7,"column":25}}},"fnMap":{"0":{"name":"(anonymous_4)","decl":{"start":{"line":9,"column":2},"end":{"line":9,"column":15}},"loc":{"start":{"line":9,"column":74},"end":{"line":9,"column":78}}},"1":{"name":"(anonymous_5)","decl":{"start":{"line":11,"column":2},"end":{"line":11,"column":7}},"loc":{"start":{"line":11,"column":68},"end":{"line":24,"column":3}}},"2":{"name":"(anonymous_6)","decl":{"start":{"line":25,"column":2},"end":{"line":25,"column":7}},"loc":{"start":{"line":25,"column":22},"end":{"line":28,"column":3}}},"3":{"name":"(anonymous_7)","decl":{"start":{"line":29,"column":2},"end":{"line":29,"column":7}},"loc":{"start":{"line":29,"column":32},"end":{"line":33,"column":3}}},"4":{"name":"(anonymous_8)","decl":{"start":{"line":35,"column":2},"end":{"line":35,"column":7}},"loc":{"start":{"line":35,"column":33},"end":{"line":39,"column":3}}},"5":{"name":"(anonymous_9)","decl":{"start":{"line":41,"column":2},"end":{"line":41,"column":7}},"loc":{"start":{"line":41,"column":54},"end":{"line":47,"column":3}}},"6":{"name":"(anonymous_10)","decl":{"start":{"line":49,"column":2},"end":{"line":49,"column":7}},"loc":{"start":{"line":49,"column":60},"end":{"line":55,"column":3}}},"7":{"name":"(anonymous_11)","decl":{"start":{"line":57,"column":2},"end":{"line":57,"column":7}},"loc":{"start":{"line":57,"column":48},"end":{"line":63,"column":3}}}},"branchMap":{"0":{"loc":{"start":{"line":30,"column":21},"end":{"line":30,"column":44}},"type":"cond-expr","locations":[{"start":{"line":30,"column":29},"end":{"line":30,"column":31}},{"start":{"line":30,"column":21},"end":{"line":30,"column":44}}]},"1":{"loc":{"start":{"line":30,"column":21},"end":{"line":30,"column":31}},"type":"binary-expr","locations":[{"start":{"line":30,"column":21},"end":{"line":30,"column":31}},{"start":{"line":30,"column":21},"end":{"line":30,"column":31}}]},"2":{"loc":{"start":{"line":36,"column":21},"end":{"line":36,"column":44}},"type":"cond-expr","locations":[{"start":{"line":36,"column":29},"end":{"line":36,"column":31}},{"start":{"line":36,"column":21},"end":{"line":36,"column":44}}]},"3":{"loc":{"start":{"line":36,"column":21},"end":{"line":36,"column":31}},"type":"binary-expr","locations":[{"start":{"line":36,"column":21},"end":{"line":36,"column":31}},{"start":{"line":36,"column":21},"end":{"line":36,"column":31}}]},"4":{"loc":{"start":{"line":58,"column":33},"end":{"line":58,"column":56}},"type":"cond-expr","locations":[{"start":{"line":58,"column":41},"end":{"line":58,"column":43}},{"start":{"line":58,"column":33},"end":{"line":58,"column":56}}]},"5":{"loc":{"start":{"line":58,"column":33},"end":{"line":58,"column":43}},"type":"binary-expr","locations":[{"start":{"line":58,"column":33},"end":{"line":58,"column":43}},{"start":{"line":58,"column":33},"end":{"line":58,"column":43}}]}},"s":{"0":3,"1":3,"2":3,"3":3,"4":14,"5":6,"6":6,"7":6,"8":6,"9":6,"10":6,"11":1,"12":1,"13":2,"14":2,"15":2,"16":1,"17":1,"18":1,"19":2,"20":2,"21":2,"22":2,"23":2,"24":2,"25":2,"26":2,"27":2,"28":2,"29":0,"30":0,"31":0,"32":0,"33":0,"34":3,"35":3},"f":{"0":14,"1":6,"2":1,"3":2,"4":1,"5":2,"6":2,"7":0},"b":{"0":[2,0],"1":[2,2],"2":[0,1],"3":[1,1],"4":[0,0],"5":[0,0]}}
}
