TN:
SF:src/app.controller.ts
FN:6,(anonymous_2)
FN:9,(anonymous_3)
FNF:2
FNH:2
FNDA:1,(anonymous_2)
FNDA:1,(anonymous_3)
DA:1,1
DA:2,1
DA:5,1
DA:6,1
DA:8,1
DA:10,1
LF:6
LH:6
BRF:0
BRH:0
end_of_record
TN:
SF:src/app.module.ts
FNF:0
FNH:0
DA:1,0
DA:2,0
DA:3,0
DA:4,0
DA:5,0
DA:6,0
DA:7,0
DA:8,0
DA:9,0
DA:10,0
DA:28,0
LF:11
LH:0
BRF:0
BRH:0
end_of_record
TN:
SF:src/app.service.ts
FN:5,(anonymous_1)
FNF:1
FNH:1
FNDA:1,(anonymous_1)
DA:1,1
DA:4,1
DA:6,1
LF:3
LH:3
BRF:0
BRH:0
end_of_record
TN:
SF:src/main.ts
FN:6,bootstrap
FNF:1
FNH:0
FNDA:0,bootstrap
DA:1,0
DA:2,0
DA:3,0
DA:4,0
DA:5,0
DA:7,0
DA:8,0
DA:9,0
DA:17,0
DA:18,0
DA:20,0
DA:27,0
DA:28,0
DA:29,0
DA:31,0
LF:15
LH:0
BRF:0
BRH:0
end_of_record
TN:
SF:src/auth/auth.module.ts
FNF:0
FNH:0
DA:1,0
DA:2,0
DA:3,0
DA:4,0
DA:5,0
DA:6,0
DA:12,0
LF:7
LH:0
BRF:0
BRH:0
end_of_record
TN:
SF:src/auth/auth.service.ts
FN:7,(anonymous_2)
FN:8,(anonymous_3)
FNF:2
FNH:1
FNDA:1,(anonymous_2)
FNDA:0,(anonymous_3)
DA:1,1
DA:2,1
DA:3,1
DA:6,1
DA:7,1
DA:9,0
DA:10,0
DA:11,0
DA:12,0
DA:14,0
DA:15,0
DA:20,0
LF:12
LH:5
BRDA:11,0,0,0
BRDA:14,1,0,0
BRDA:14,2,0,0
BRDA:14,2,1,0
BRF:4
BRH:0
end_of_record
TN:
SF:src/auth/authenticated.guard.ts
FN:5,(anonymous_1)
FNF:1
FNH:0
FNDA:0,(anonymous_1)
DA:1,1
DA:4,1
DA:6,0
DA:7,0
LF:4
LH:2
BRF:0
BRH:0
end_of_record
TN:
SF:src/auth/local.auth.guard.ts
FN:5,(anonymous_1)
FNF:1
FNH:0
FNDA:0,(anonymous_1)
DA:1,1
DA:2,1
DA:4,1
DA:6,0
DA:7,0
DA:8,0
DA:9,0
LF:7
LH:3
BRF:0
BRH:0
end_of_record
TN:
SF:src/auth/local.strategy.ts
FN:7,(anonymous_2)
FN:10,(anonymous_3)
FNF:2
FNH:0
FNDA:0,(anonymous_2)
FNDA:0,(anonymous_3)
DA:1,0
DA:2,0
DA:3,0
DA:4,0
DA:6,0
DA:7,0
DA:8,0
DA:11,0
DA:12,0
DA:13,0
DA:14,0
DA:16,0
LF:12
LH:0
BRDA:13,0,0,0
BRF:1
BRH:0
end_of_record
TN:
SF:src/auth/session.serializer.ts
FN:6,(anonymous_1)
FN:9,(anonymous_2)
FNF:2
FNH:0
FNDA:0,(anonymous_1)
FNDA:0,(anonymous_2)
DA:1,0
DA:2,0
DA:5,0
DA:7,0
DA:13,0
LF:5
LH:0
BRF:0
BRH:0
end_of_record
TN:
SF:src/designs/designs.controller.ts
FN:6,(anonymous_4)
FN:11,(anonymous_5)
FN:16,(anonymous_6)
FN:25,(anonymous_7)
FN:34,(anonymous_8)
FN:39,(anonymous_9)
FNF:6
FNH:1
FNDA:1,(anonymous_4)
FNDA:0,(anonymous_5)
FNDA:0,(anonymous_6)
FNDA:0,(anonymous_7)
FNDA:0,(anonymous_8)
FNDA:0,(anonymous_9)
DA:1,1
DA:2,1
DA:5,1
DA:6,1
DA:11,1
DA:12,0
DA:16,1
DA:21,0
DA:25,1
DA:30,0
DA:34,1
DA:35,0
DA:39,1
DA:40,0
LF:14
LH:9
BRF:0
BRH:0
end_of_record
TN:
SF:src/designs/designs.model.ts
FNF:0
FNH:0
DA:1,1
DA:2,1
LF:2
LH:2
BRF:0
BRH:0
end_of_record
TN:
SF:src/designs/designs.module.ts
FNF:0
FNH:0
DA:1,0
DA:2,0
DA:3,0
DA:4,0
DA:5,0
DA:12,0
LF:6
LH:0
BRF:0
BRH:0
end_of_record
TN:
SF:src/designs/designs.service.ts
FN:9,(anonymous_4)
FN:11,(anonymous_5)
FN:16,(anonymous_6)
FN:26,(anonymous_7)
FN:34,(anonymous_8)
FN:39,(anonymous_9)
FNF:6
FNH:6
FNDA:7,(anonymous_4)
FNDA:1,(anonymous_5)
FNDA:1,(anonymous_6)
FNDA:1,(anonymous_7)
FNDA:1,(anonymous_8)
FNDA:1,(anonymous_9)
DA:1,2
DA:2,2
DA:3,2
DA:7,2
DA:9,7
DA:12,1
DA:13,1
DA:17,1
DA:22,1
DA:23,1
DA:27,1
DA:28,1
DA:29,1
DA:30,1
DA:31,1
DA:35,1
DA:36,1
DA:40,1
DA:41,1
DA:42,1
LF:20
LH:20
BRF:0
BRH:0
end_of_record
TN:
SF:src/fill-db/fill-db.controller.ts
FN:6,(anonymous_2)
FN:17,(anonymous_3)
FNF:2
FNH:0
FNDA:0,(anonymous_2)
FNDA:0,(anonymous_3)
DA:1,0
DA:2,0
DA:5,0
DA:6,0
DA:17,0
DA:18,0
DA:19,0
LF:7
LH:0
BRF:0
BRH:0
end_of_record
TN:
SF:src/fill-db/fill-db.module.ts
FNF:0
FNH:0
DA:1,0
DA:2,0
DA:3,0
DA:4,0
DA:5,0
DA:6,0
DA:7,0
DA:16,0
LF:8
LH:0
BRF:0
BRH:0
end_of_record
TN:
SF:src/fill-db/fill-db.service.ts
FN:12,(anonymous_4)
FN:17,(anonymous_5)
FNF:2
FNH:0
FNDA:0,(anonymous_4)
FNDA:0,(anonymous_5)
DA:1,0
DA:2,0
DA:3,0
DA:10,0
DA:12,0
DA:13,0
DA:14,0
DA:19,0
DA:21,0
DA:23,0
DA:25,0
DA:27,0
DA:29,0
DA:38,0
DA:65,0
DA:116,0
LF:16
LH:0
BRF:0
BRH:0
end_of_record
TN:
SF:src/perfil/perfil.controller.ts
FN:6,(anonymous_4)
FN:10,(anonymous_5)
FN:15,(anonymous_6)
FNF:3
FNH:1
FNDA:1,(anonymous_4)
FNDA:0,(anonymous_5)
FNDA:0,(anonymous_6)
DA:1,1
DA:2,1
DA:5,1
DA:6,1
DA:10,1
DA:11,0
DA:15,1
DA:16,0
LF:8
LH:6
BRF:0
BRH:0
end_of_record
TN:
SF:src/perfil/perfil.module.ts
FNF:0
FNH:0
DA:1,0
DA:2,0
DA:3,0
DA:4,0
DA:5,0
DA:6,0
DA:14,0
LF:7
LH:0
BRF:0
BRH:0
end_of_record
TN:
SF:src/products/fav.model.ts
FNF:0
FNH:0
DA:1,2
DA:3,2
LF:2
LH:2
BRF:0
BRH:0
end_of_record
TN:
SF:src/products/products.controller.ts
FN:6,(anonymous_4)
FN:10,(anonymous_5)
FN:16,(anonymous_6)
FN:22,(anonymous_7)
FN:28,(anonymous_8)
FN:34,(anonymous_9)
FN:40,(anonymous_10)
FN:46,(anonymous_11)
FN:51,(anonymous_12)
FN:58,(anonymous_13)
FNF:10
FNH:1
FNDA:1,(anonymous_4)
FNDA:0,(anonymous_5)
FNDA:0,(anonymous_6)
FNDA:0,(anonymous_7)
FNDA:0,(anonymous_8)
FNDA:0,(anonymous_9)
FNDA:0,(anonymous_10)
FNDA:0,(anonymous_11)
FNDA:0,(anonymous_12)
FNDA:0,(anonymous_13)
DA:1,1
DA:2,1
DA:5,1
DA:6,1
DA:10,1
DA:11,0
DA:16,1
DA:17,0
DA:22,1
DA:23,0
DA:28,1
DA:29,0
DA:34,1
DA:35,0
DA:40,1
DA:41,0
DA:46,1
DA:47,0
DA:51,1
DA:52,0
DA:58,1
DA:59,0
LF:22
LH:13
BRF:0
BRH:0
end_of_record
TN:
SF:src/products/products.model.ts
FNF:0
FNH:0
DA:1,2
DA:2,2
LF:2
LH:2
BRF:0
BRH:0
end_of_record
TN:
SF:src/products/products.module.ts
FNF:0
FNH:0
DA:1,0
DA:2,0
DA:3,0
DA:4,0
DA:5,0
DA:6,0
DA:14,0
LF:7
LH:0
BRF:0
BRH:0
end_of_record
TN:
SF:src/products/products.service.ts
FN:10,(anonymous_4)
FN:13,(anonymous_5)
FN:18,(anonymous_6)
FN:23,(anonymous_7)
FN:29,(anonymous_8)
FN:34,(anonymous_9)
FN:49,(anonymous_10)
FN:66,(anonymous_11)
FN:71,(anonymous_12)
FN:80,(anonymous_13)
FN:86,(anonymous_14)
FN:92,(anonymous_15)
FNF:12
FNH:12
FNDA:14,(anonymous_4)
FNDA:1,(anonymous_5)
FNDA:1,(anonymous_6)
FNDA:1,(anonymous_7)
FNDA:1,(anonymous_8)
FNDA:1,(anonymous_9)
FNDA:1,(anonymous_10)
FNDA:1,(anonymous_11)
FNDA:1,(anonymous_12)
FNDA:1,(anonymous_13)
FNDA:1,(anonymous_14)
FNDA:1,(anonymous_15)
DA:1,3
DA:2,3
DA:3,3
DA:8,3
DA:10,14
DA:11,14
DA:14,1
DA:15,1
DA:19,1
DA:20,1
DA:24,1
DA:25,1
DA:26,1
DA:30,1
DA:31,1
DA:35,1
DA:36,1
DA:37,1
DA:38,0
DA:39,0
DA:40,0
DA:41,0
DA:43,0
DA:45,1
DA:46,1
DA:50,1
DA:51,1
DA:52,1
DA:53,0
DA:54,0
DA:55,0
DA:56,0
DA:58,0
DA:60,1
DA:63,1
DA:67,1
DA:68,1
DA:73,1
DA:74,1
DA:81,1
DA:82,1
DA:83,1
DA:87,1
DA:89,1
DA:93,1
DA:102,1
DA:103,1
LF:47
LH:37
BRDA:36,0,0,1
BRDA:36,0,1,0
BRDA:38,1,0,0
BRDA:38,1,1,0
BRDA:40,2,0,0
BRDA:40,2,1,0
BRDA:51,3,0,1
BRDA:51,3,1,0
BRDA:53,4,0,0
BRDA:53,4,1,0
BRDA:55,5,0,0
BRDA:55,5,1,0
BRF:12
BRH:2
end_of_record
TN:
SF:src/users/users.controller.ts
FN:20,(anonymous_4)
FN:35,(anonymous_5)
FN:67,(anonymous_6)
FN:76,(anonymous_7)
FN:81,(anonymous_8)
FN:91,(anonymous_9)
FN:101,(anonymous_10)
FN:117,(anonymous_11)
FN:136,(anonymous_12)
FNF:9
FNH:7
FNDA:7,(anonymous_4)
FNDA:1,(anonymous_5)
FNDA:1,(anonymous_6)
FNDA:0,(anonymous_7)
FNDA:0,(anonymous_8)
FNDA:1,(anonymous_9)
FNDA:1,(anonymous_10)
FNDA:1,(anonymous_11)
FNDA:1,(anonymous_12)
DA:1,1
DA:11,1
DA:12,1
DA:13,1
DA:14,1
DA:15,1
DA:18,1
DA:20,7
DA:35,1
DA:40,1
DA:41,1
DA:42,1
DA:47,1
DA:57,1
DA:68,1
DA:74,1
DA:77,0
DA:80,1
DA:82,0
DA:83,0
DA:91,1
DA:92,1
DA:93,1
DA:94,0
DA:96,1
DA:101,1
DA:102,1
DA:103,1
DA:104,0
DA:106,1
DA:117,1
DA:121,1
DA:122,1
DA:123,0
DA:125,1
DA:136,1
DA:141,1
DA:142,1
DA:143,0
DA:145,1
LF:40
LH:33
BRDA:93,0,0,0
BRDA:103,1,0,0
BRDA:122,2,0,0
BRDA:142,3,0,0
BRF:4
BRH:0
end_of_record
TN:
SF:src/users/users.model.ts
FNF:0
FNH:0
DA:1,1
DA:2,1
LF:2
LH:2
BRF:0
BRH:0
end_of_record
TN:
SF:src/users/users.module.ts
FNF:0
FNH:0
DA:1,0
DA:2,0
DA:3,0
DA:4,0
DA:5,0
DA:12,0
LF:6
LH:0
BRF:0
BRH:0
end_of_record
TN:
SF:src/users/users.service.ts
FN:9,(anonymous_4)
FN:11,(anonymous_5)
FN:25,(anonymous_6)
FN:29,(anonymous_7)
FN:35,(anonymous_8)
FN:41,(anonymous_9)
FN:49,(anonymous_10)
FNF:7
FNH:7
FNDA:14,(anonymous_4)
FNDA:6,(anonymous_5)
FNDA:1,(anonymous_6)
FNDA:2,(anonymous_7)
FNDA:1,(anonymous_8)
FNDA:2,(anonymous_9)
FNDA:2,(anonymous_10)
DA:1,3
DA:2,3
DA:3,3
DA:7,3
DA:9,14
DA:12,6
DA:13,6
DA:14,6
DA:15,6
DA:22,6
DA:23,6
DA:26,1
DA:27,1
DA:30,2
DA:31,2
DA:32,2
DA:36,1
DA:37,1
DA:38,1
DA:42,2
DA:43,2
DA:44,2
DA:45,2
DA:46,2
DA:50,2
DA:51,2
DA:52,2
DA:53,2
DA:54,2
LF:29
LH:29
BRDA:30,0,0,2
BRDA:30,0,1,0
BRDA:30,1,0,2
BRDA:30,1,1,2
BRDA:36,2,0,0
BRDA:36,2,1,1
BRDA:36,3,0,1
BRDA:36,3,1,1
BRF:8
BRH:6
end_of_record
