TN:
SF:src/app.controller.ts
FN:8,(anonymous_2)
FN:11,(anonymous_3)
FNF:2
FNH:2
FNDA:1,(anonymous_2)
FNDA:1,(anonymous_3)
DA:1,1
DA:2,1
DA:3,1
DA:7,1
DA:8,1
DA:10,1
DA:12,1
LF:7
LH:7
BRF:0
BRH:0
end_of_record
TN:
SF:src/app.module.ts
FNF:0
FNH:0
DA:1,0
DA:2,0
DA:3,0
DA:4,0
DA:5,0
DA:6,0
DA:7,0
DA:8,0
DA:9,0
DA:10,0
DA:11,0
DA:12,0
DA:32,0
LF:13
LH:0
BRF:0
BRH:0
end_of_record
TN:
SF:src/app.service.ts
FN:5,(anonymous_1)
FNF:1
FNH:1
FNDA:1,(anonymous_1)
DA:1,1
DA:4,1
DA:6,1
LF:3
LH:3
BRF:0
BRH:0
end_of_record
TN:
SF:src/main.ts
FN:6,bootstrap
FNF:1
FNH:0
FNDA:0,bootstrap
DA:1,0
DA:2,0
DA:3,0
DA:4,0
DA:5,0
DA:7,0
DA:8,0
DA:9,0
DA:17,0
DA:18,0
DA:20,0
DA:26,0
DA:27,0
DA:28,0
DA:30,0
LF:15
LH:0
BRF:0
BRH:0
end_of_record
TN:
SF:src/auth/auth.module.ts
FNF:0
FNH:0
DA:1,0
DA:2,0
DA:3,0
DA:4,0
DA:5,0
DA:6,0
DA:12,0
LF:7
LH:0
BRF:0
BRH:0
end_of_record
TN:
SF:src/auth/auth.service.ts
FN:7,(anonymous_2)
FN:8,(anonymous_3)
FNF:2
FNH:1
FNDA:1,(anonymous_2)
FNDA:0,(anonymous_3)
DA:1,1
DA:2,1
DA:3,1
DA:6,1
DA:7,1
DA:9,0
DA:10,0
DA:11,0
DA:12,0
DA:14,0
DA:15,0
DA:20,0
LF:12
LH:5
BRDA:11,0,0,0
BRDA:14,1,0,0
BRDA:14,2,0,0
BRDA:14,2,1,0
BRF:4
BRH:0
end_of_record
TN:
SF:src/auth/authenticated.guard.ts
FN:5,(anonymous_1)
FNF:1
FNH:0
FNDA:0,(anonymous_1)
DA:1,1
DA:4,1
DA:6,0
DA:7,0
LF:4
LH:2
BRF:0
BRH:0
end_of_record
TN:
SF:src/auth/local.auth.guard.ts
FN:5,(anonymous_1)
FNF:1
FNH:0
FNDA:0,(anonymous_1)
DA:1,1
DA:2,1
DA:4,1
DA:6,0
DA:7,0
DA:8,0
DA:9,0
LF:7
LH:3
BRF:0
BRH:0
end_of_record
TN:
SF:src/auth/local.strategy.ts
FN:7,(anonymous_2)
FN:10,(anonymous_3)
FNF:2
FNH:0
FNDA:0,(anonymous_2)
FNDA:0,(anonymous_3)
DA:1,0
DA:2,0
DA:3,0
DA:4,0
DA:6,0
DA:7,0
DA:8,0
DA:11,0
DA:12,0
DA:13,0
DA:14,0
DA:16,0
LF:12
LH:0
BRDA:13,0,0,0
BRF:1
BRH:0
end_of_record
TN:
SF:src/auth/session.serializer.ts
FN:6,(anonymous_1)
FN:9,(anonymous_2)
FNF:2
FNH:0
FNDA:0,(anonymous_1)
FNDA:0,(anonymous_2)
DA:1,0
DA:2,0
DA:5,0
DA:7,0
DA:13,0
LF:5
LH:0
BRF:0
BRH:0
end_of_record
TN:
SF:src/cart/cart.controller.ts
FN:9,(anonymous_4)
FN:21,(anonymous_5)
FN:34,(anonymous_6)
FN:47,(anonymous_7)
FN:57,(anonymous_8)
FN:70,(anonymous_9)
FNF:6
FNH:6
FNDA:6,(anonymous_4)
FNDA:1,(anonymous_5)
FNDA:1,(anonymous_6)
FNDA:1,(anonymous_7)
FNDA:1,(anonymous_8)
FNDA:1,(anonymous_9)
DA:1,1
DA:2,1
DA:3,1
DA:4,1
DA:8,1
DA:9,6
DA:21,1
DA:22,1
DA:34,1
DA:35,1
DA:47,1
DA:48,1
DA:57,1
DA:58,1
DA:70,1
DA:71,1
DA:72,1
DA:73,1
DA:75,1
DA:76,1
LF:20
LH:20
BRF:0
BRH:0
end_of_record
TN:
SF:src/cart/cart.model.ts
FNF:0
FNH:0
DA:1,0
DA:3,0
LF:2
LH:0
BRF:0
BRH:0
end_of_record
TN:
SF:src/cart/cart.module.ts
FNF:0
FNH:0
DA:1,0
DA:2,0
DA:3,0
DA:4,0
DA:5,0
DA:6,0
DA:7,0
DA:8,0
DA:17,0
LF:9
LH:0
BRF:0
BRH:0
end_of_record
TN:
SF:src/cart/cart.service.ts
FN:9,(anonymous_4)
FN:12,(anonymous_5)
FN:18,(anonymous_6)
FN:27,(anonymous_7)
FN:32,(anonymous_8)
FNF:5
FNH:5
FNDA:11,(anonymous_4)
FNDA:3,(anonymous_5)
FNDA:2,(anonymous_6)
FNDA:2,(anonymous_7)
FNDA:3,(anonymous_8)
DA:1,2
DA:2,2
DA:3,2
DA:8,2
DA:9,11
DA:10,11
DA:13,3
DA:14,3
DA:15,3
DA:19,2
DA:23,2
DA:24,2
DA:28,2
DA:29,2
DA:33,3
DA:34,3
LF:16
LH:16
BRF:0
BRH:0
end_of_record
TN:
SF:src/designs/designs.controller.ts
FN:8,(anonymous_4)
FN:18,(anonymous_5)
FN:34,(anonymous_6)
FN:54,(anonymous_7)
FN:71,(anonymous_8)
FN:84,(anonymous_9)
FNF:6
FNH:6
FNDA:6,(anonymous_4)
FNDA:1,(anonymous_5)
FNDA:1,(anonymous_6)
FNDA:1,(anonymous_7)
FNDA:1,(anonymous_8)
FNDA:1,(anonymous_9)
DA:1,1
DA:2,1
DA:3,1
DA:7,1
DA:8,6
DA:18,1
DA:19,1
DA:34,1
DA:39,1
DA:54,1
DA:59,1
DA:71,1
DA:72,1
DA:84,1
DA:85,1
LF:15
LH:15
BRF:0
BRH:0
end_of_record
TN:
SF:src/designs/designs.model.ts
FNF:0
FNH:0
DA:1,0
DA:2,0
LF:2
LH:0
BRF:0
BRH:0
end_of_record
TN:
SF:src/designs/designs.module.ts
FNF:0
FNH:0
DA:1,0
DA:2,0
DA:3,0
DA:4,0
DA:5,0
DA:12,0
LF:6
LH:0
BRF:0
BRH:0
end_of_record
TN:
SF:src/designs/designs.service.ts
FN:9,(anonymous_4)
FN:11,(anonymous_5)
FN:16,(anonymous_6)
FN:26,(anonymous_7)
FN:34,(anonymous_8)
FN:39,(anonymous_9)
FNF:6
FNH:6
FNDA:12,(anonymous_4)
FNDA:2,(anonymous_5)
FNDA:2,(anonymous_6)
FNDA:2,(anonymous_7)
FNDA:2,(anonymous_8)
FNDA:2,(anonymous_9)
DA:1,2
DA:2,2
DA:3,2
DA:7,2
DA:9,12
DA:12,2
DA:13,2
DA:17,2
DA:22,2
DA:23,2
DA:27,2
DA:28,2
DA:29,2
DA:30,2
DA:31,2
DA:35,2
DA:36,2
DA:40,2
DA:41,2
DA:42,2
LF:20
LH:20
BRF:0
BRH:0
end_of_record
TN:
SF:src/fill-db/fill-db.controller.ts
FN:8,(anonymous_2)
FN:19,(anonymous_3)
FNF:2
FNH:0
FNDA:0,(anonymous_2)
FNDA:0,(anonymous_3)
DA:1,0
DA:2,0
DA:3,0
DA:7,0
DA:8,0
DA:19,0
DA:20,0
DA:21,0
LF:8
LH:0
BRF:0
BRH:0
end_of_record
TN:
SF:src/fill-db/fill-db.module.ts
FNF:0
FNH:0
DA:1,0
DA:2,0
DA:3,0
DA:4,0
DA:5,0
DA:6,0
DA:7,0
DA:16,0
LF:8
LH:0
BRF:0
BRH:0
end_of_record
TN:
SF:src/fill-db/fill-db.service.ts
FN:12,(anonymous_4)
FN:17,(anonymous_5)
FNF:2
FNH:0
FNDA:0,(anonymous_4)
FNDA:0,(anonymous_5)
DA:1,0
DA:2,0
DA:3,0
DA:10,0
DA:12,0
DA:13,0
DA:14,0
DA:19,0
DA:21,0
DA:23,0
DA:25,0
DA:27,0
DA:29,0
DA:38,0
DA:65,0
DA:116,0
LF:16
LH:0
BRF:0
BRH:0
end_of_record
TN:
SF:src/perfil/perfil.controller.ts
FN:8,(anonymous_4)
FN:20,(anonymous_5)
FN:33,(anonymous_6)
FN:45,(anonymous_7)
FN:58,(anonymous_8)
FN:71,(anonymous_9)
FNF:6
FNH:1
FNDA:1,(anonymous_4)
FNDA:0,(anonymous_5)
FNDA:0,(anonymous_6)
FNDA:0,(anonymous_7)
FNDA:0,(anonymous_8)
FNDA:0,(anonymous_9)
DA:1,1
DA:2,1
DA:3,1
DA:7,1
DA:8,1
DA:20,1
DA:21,0
DA:33,1
DA:34,0
DA:45,1
DA:46,0
DA:58,1
DA:59,0
DA:71,1
DA:72,0
LF:15
LH:10
BRF:0
BRH:0
end_of_record
TN:
SF:src/perfil/perfil.module.ts
FNF:0
FNH:0
DA:1,0
DA:2,0
DA:3,0
DA:4,0
DA:5,0
DA:6,0
DA:14,0
LF:7
LH:0
BRF:0
BRH:0
end_of_record
TN:
SF:src/products/fav.model.ts
FNF:0
FNH:0
DA:1,1
DA:3,1
LF:2
LH:2
BRF:0
BRH:0
end_of_record
TN:
SF:src/products/products.controller.ts
FN:8,(anonymous_4)
FN:20,(anonymous_5)
FN:31,(anonymous_6)
FN:45,(anonymous_7)
FN:56,(anonymous_8)
FN:74,(anonymous_9)
FN:88,(anonymous_10)
FN:106,(anonymous_11)
FN:117,(anonymous_12)
FN:128,(anonymous_13)
FN:154,(anonymous_14)
FN:187,(anonymous_15)
FN:207,(anonymous_16)
FNF:13
FNH:10
FNDA:10,(anonymous_4)
FNDA:1,(anonymous_5)
FNDA:1,(anonymous_6)
FNDA:1,(anonymous_7)
FNDA:1,(anonymous_8)
FNDA:1,(anonymous_9)
FNDA:1,(anonymous_10)
FNDA:1,(anonymous_11)
FNDA:1,(anonymous_12)
FNDA:1,(anonymous_13)
FNDA:0,(anonymous_14)
FNDA:0,(anonymous_15)
FNDA:0,(anonymous_16)
DA:1,1
DA:2,1
DA:3,1
DA:7,1
DA:8,10
DA:20,1
DA:21,1
DA:31,1
DA:32,1
DA:45,1
DA:46,1
DA:56,1
DA:57,1
DA:74,1
DA:75,1
DA:88,1
DA:89,1
DA:106,1
DA:107,1
DA:117,1
DA:118,1
DA:128,1
DA:129,1
DA:154,1
DA:162,0
DA:187,1
DA:195,0
DA:207,1
DA:208,0
LF:29
LH:26
BRF:0
BRH:0
end_of_record
TN:
SF:src/products/products.model.ts
FNF:0
FNH:0
DA:1,1
DA:2,1
LF:2
LH:2
BRF:0
BRH:0
end_of_record
TN:
SF:src/products/products.module.ts
FNF:0
FNH:0
DA:1,0
DA:2,0
DA:3,0
DA:4,0
DA:5,0
DA:6,0
DA:14,0
LF:7
LH:0
BRF:0
BRH:0
end_of_record
TN:
SF:src/products/products.service.ts
FN:9,(anonymous_4)
FN:20,(anonymous_5)
FN:23,(anonymous_6)
FN:28,(anonymous_7)
FN:33,(anonymous_8)
FN:39,(anonymous_9)
FN:44,(anonymous_10)
FN:55,(anonymous_11)
FN:68,(anonymous_12)
FN:75,(anonymous_13)
FN:79,(anonymous_14)
FN:91,(anonymous_15)
FN:95,(anonymous_16)
FN:101,(anonymous_17)
FN:107,(anonymous_18)
FN:113,(anonymous_19)
FN:132,(anonymous_20)
FN:146,(anonymous_21)
FNF:18
FNH:15
FNDA:3,(anonymous_4)
FNDA:27,(anonymous_5)
FNDA:2,(anonymous_6)
FNDA:2,(anonymous_7)
FNDA:2,(anonymous_8)
FNDA:2,(anonymous_9)
FNDA:2,(anonymous_10)
FNDA:4,(anonymous_11)
FNDA:1,(anonymous_12)
FNDA:0,(anonymous_13)
FNDA:0,(anonymous_14)
FNDA:0,(anonymous_15)
FNDA:2,(anonymous_16)
FNDA:2,(anonymous_17)
FNDA:2,(anonymous_18)
FNDA:1,(anonymous_19)
FNDA:1,(anonymous_20)
FNDA:1,(anonymous_21)
DA:1,3
DA:2,3
DA:4,3
DA:9,3
DA:10,3
DA:11,3
DA:12,3
DA:13,3
DA:17,3
DA:20,27
DA:21,27
DA:24,2
DA:25,2
DA:29,2
DA:30,2
DA:34,2
DA:35,2
DA:36,2
DA:40,2
DA:41,2
DA:45,2
DA:46,2
DA:47,2
DA:48,2
DA:49,2
DA:51,0
DA:56,4
DA:57,4
DA:58,4
DA:59,4
DA:62,4
DA:64,0
DA:69,1
DA:71,1
DA:72,1
DA:76,0
DA:77,0
DA:80,0
DA:84,0
DA:85,0
DA:86,0
DA:87,0
DA:89,0
DA:92,0
DA:93,0
DA:96,2
DA:97,2
DA:98,2
DA:102,2
DA:103,2
DA:104,2
DA:108,2
DA:110,2
DA:114,1
DA:115,1
DA:116,1
DA:117,1
DA:125,1
DA:126,1
DA:128,0
DA:133,1
DA:134,1
DA:135,1
DA:136,1
DA:137,1
DA:138,1
DA:139,1
DA:140,1
DA:142,0
DA:147,1
DA:148,1
LF:71
LH:57
BRDA:9,0,0,3
BRDA:9,0,1,3
BRDA:45,1,0,2
BRDA:45,1,1,0
BRDA:56,2,0,4
BRDA:56,2,1,0
BRDA:85,3,0,0
BRDA:114,4,0,1
BRDA:114,4,1,0
BRDA:114,5,0,1
BRDA:114,5,1,1
BRDA:133,6,0,1
BRDA:133,6,1,0
BRDA:133,7,0,1
BRDA:133,7,1,1
BRF:15
BRH:10
end_of_record
TN:
SF:src/purchases/purchases.controller.ts
FN:9,(anonymous_4)
FN:20,(anonymous_5)
FN:33,(anonymous_6)
FNF:3
FNH:3
FNDA:3,(anonymous_4)
FNDA:1,(anonymous_5)
FNDA:1,(anonymous_6)
DA:1,1
DA:2,1
DA:3,1
DA:7,1
DA:9,3
DA:20,1
DA:21,1
DA:33,1
DA:34,1
LF:9
LH:9
BRF:0
BRH:0
end_of_record
TN:
SF:src/purchases/purchases.model.ts
FNF:0
FNH:0
DA:1,0
DA:3,0
LF:2
LH:0
BRF:0
BRH:0
end_of_record
TN:
SF:src/purchases/purchases.module.ts
FNF:0
FNH:0
DA:1,0
DA:2,0
DA:3,0
DA:4,0
DA:5,0
DA:6,0
DA:14,0
LF:7
LH:0
BRF:0
BRH:0
end_of_record
TN:
SF:src/purchases/purchases.service.ts
FN:9,(anonymous_4)
FN:12,(anonymous_5)
FN:18,(anonymous_6)
FNF:3
FNH:3
FNDA:12,(anonymous_4)
FNDA:2,(anonymous_5)
FNDA:3,(anonymous_6)
DA:1,3
DA:2,3
DA:3,3
DA:8,3
DA:9,12
DA:10,12
DA:13,2
DA:14,2
DA:15,2
DA:19,3
DA:23,3
DA:24,3
LF:12
LH:12
BRF:0
BRH:0
end_of_record
TN:
SF:src/users/users.controller.ts
FN:21,(anonymous_4)
FN:36,(anonymous_5)
FN:68,(anonymous_6)
FN:77,(anonymous_7)
FN:82,(anonymous_8)
FN:92,(anonymous_9)
FN:102,(anonymous_10)
FN:118,(anonymous_11)
FN:137,(anonymous_12)
FN:157,(anonymous_13)
FNF:10
FNH:7
FNDA:7,(anonymous_4)
FNDA:1,(anonymous_5)
FNDA:1,(anonymous_6)
FNDA:0,(anonymous_7)
FNDA:0,(anonymous_8)
FNDA:1,(anonymous_9)
FNDA:1,(anonymous_10)
FNDA:1,(anonymous_11)
FNDA:1,(anonymous_12)
FNDA:0,(anonymous_13)
DA:1,1
DA:11,1
DA:12,1
DA:13,1
DA:14,1
DA:15,1
DA:19,1
DA:21,7
DA:36,1
DA:41,1
DA:42,1
DA:43,1
DA:48,1
DA:58,1
DA:69,1
DA:75,1
DA:78,0
DA:81,1
DA:83,0
DA:84,0
DA:92,1
DA:93,1
DA:94,1
DA:95,0
DA:97,1
DA:102,1
DA:103,1
DA:104,1
DA:105,0
DA:107,1
DA:118,1
DA:122,1
DA:123,1
DA:124,0
DA:126,1
DA:137,1
DA:142,1
DA:143,1
DA:144,0
DA:146,1
DA:157,1
DA:162,0
DA:163,0
DA:164,0
DA:166,0
LF:45
LH:34
BRDA:94,0,0,0
BRDA:104,1,0,0
BRDA:123,2,0,0
BRDA:143,3,0,0
BRDA:163,4,0,0
BRF:5
BRH:0
end_of_record
TN:
SF:src/users/users.model.ts
FNF:0
FNH:0
DA:1,1
DA:2,1
LF:2
LH:2
BRF:0
BRH:0
end_of_record
TN:
SF:src/users/users.module.ts
FNF:0
FNH:0
DA:1,0
DA:2,0
DA:3,0
DA:4,0
DA:5,0
DA:12,0
LF:6
LH:0
BRF:0
BRH:0
end_of_record
TN:
SF:src/users/users.service.ts
FN:9,(anonymous_4)
FN:11,(anonymous_5)
FN:25,(anonymous_6)
FN:29,(anonymous_7)
FN:35,(anonymous_8)
FN:41,(anonymous_9)
FN:49,(anonymous_10)
FN:57,(anonymous_11)
FNF:8
FNH:7
FNDA:14,(anonymous_4)
FNDA:6,(anonymous_5)
FNDA:1,(anonymous_6)
FNDA:2,(anonymous_7)
FNDA:1,(anonymous_8)
FNDA:2,(anonymous_9)
FNDA:2,(anonymous_10)
FNDA:0,(anonymous_11)
DA:1,3
DA:2,3
DA:3,3
DA:7,3
DA:9,14
DA:12,6
DA:13,6
DA:14,6
DA:15,6
DA:22,6
DA:23,6
DA:26,1
DA:27,1
DA:30,2
DA:31,2
DA:32,2
DA:36,1
DA:37,1
DA:38,1
DA:42,2
DA:43,2
DA:44,2
DA:45,2
DA:46,2
DA:50,2
DA:51,2
DA:52,2
DA:53,2
DA:54,2
DA:58,0
DA:59,0
DA:60,0
DA:61,0
DA:62,0
LF:34
LH:29
BRDA:30,0,0,2
BRDA:30,0,1,0
BRDA:30,1,0,2
BRDA:30,1,1,2
BRDA:36,2,0,0
BRDA:36,2,1,1
BRDA:36,3,0,1
BRDA:36,3,1,1
BRDA:58,4,0,0
BRDA:58,4,1,0
BRDA:58,5,0,0
BRDA:58,5,1,0
BRF:12
BRH:6
end_of_record
